This file contains any messages produced by compilers while
running configure, to aid debugging if configure makes a mistake.

It was created by ICU configure 65.1, which was
generated by GNU Autoconf 2.69.  Invocation command line was

  $ ./configure --prefix=/usr/local --enable-static --enable-shared=no --disable-dyload --enable-extras=no --enable-strict=no --enable-tests=no --enable-samples=no

## --------- ##
## Platform. ##
## --------- ##

hostname = c15a0ca5a632
uname -m = x86_64
uname -r = 5.8.0-40-generic
uname -s = Linux
uname -v = #45~20.04.1-Ubuntu SMP Fri Jan 15 11:35:04 UTC 2021

/usr/bin/uname -p = unknown
/bin/uname -X     = unknown

/bin/arch              = unknown
/usr/bin/arch -k       = unknown
/usr/convex/getsysinfo = unknown
/usr/bin/hostinfo      = unknown
/bin/machine           = unknown
/usr/bin/oslevel       = unknown
/bin/universe          = unknown

PATH: /spksrc/spk/open-vm-tools/work-apollolake-6.2/install/var/packages/open-vm-tools/target/bin
PATH: /usr/local/sbin
PATH: /usr/local/bin
PATH: /usr/sbin
PATH: /usr/bin
PATH: /sbin
PATH: /bin


## ----------- ##
## Core tests. ##
## ----------- ##

configure:2688: checking for ICU version numbers
configure:2721: result: release 65.1, library 65.1, unicode version 12.1
configure:2760: checking build system type
configure:2774: result: x86_64-pc-linux-gnu
configure:2794: checking host system type
configure:2807: result: x86_64-pc-linux-gnu
configure:2865: checking whether to build debug libraries
configure:2877: result: no
configure:2882: checking whether to build release libraries
configure:2894: result: yes
configure:2957: checking for clang
configure:2987: result: no
configure:2957: checking for gcc
configure:2973: found /usr/bin/gcc
configure:2984: result: gcc
configure:3015: checking for C compiler version
configure:3024: gcc --version >&5
gcc (Debian 8.3.0-6) 8.3.0
Copyright (C) 2018 Free Software Foundation, Inc.
This is free software; see the source for copying conditions.  There is NO
warranty; not even for MERCHANTABILITY or FITNESS FOR A PARTICULAR PURPOSE.

configure:3035: $? = 0
configure:3024: gcc -v >&5
Using built-in specs.
COLLECT_GCC=gcc
COLLECT_LTO_WRAPPER=/usr/lib/gcc/x86_64-linux-gnu/8/lto-wrapper
OFFLOAD_TARGET_NAMES=nvptx-none
OFFLOAD_TARGET_DEFAULT=1
Target: x86_64-linux-gnu
Configured with: ../src/configure -v --with-pkgversion='Debian 8.3.0-6' --with-bugurl=file:///usr/share/doc/gcc-8/README.Bugs --enable-languages=c,ada,c++,go,brig,d,fortran,objc,obj-c++ --prefix=/usr --with-gcc-major-version-only --program-suffix=-8 --program-prefix=x86_64-linux-gnu- --enable-shared --enable-linker-build-id --libexecdir=/usr/lib --without-included-gettext --enable-threads=posix --libdir=/usr/lib --enable-nls --enable-bootstrap --enable-clocale=gnu --enable-libstdcxx-debug --enable-libstdcxx-time=yes --with-default-libstdcxx-abi=new --enable-gnu-unique-object --disable-vtable-verify --enable-libmpx --enable-plugin --enable-default-pie --with-system-zlib --with-target-system-zlib --enable-objc-gc=auto --enable-multiarch --disable-werror --with-arch-32=i686 --with-abi=m64 --with-multilib-list=m32,m64,mx32 --enable-multilib --with-tune=generic --enable-offload-targets=nvptx-none --without-cuda-driver --enable-checking=release --build=x86_64-linux-gnu --host=x86_64-linux-gnu --target=x86_64-linux-gnu
Thread model: posix
gcc version 8.3.0 (Debian 8.3.0-6) 
configure:3035: $? = 0
configure:3024: gcc -V >&5
gcc: error: unrecognized command line option '-V'
gcc: fatal error: no input files
compilation terminated.
configure:3035: $? = 1
configure:3024: gcc -qversion >&5
gcc: error: unrecognized command line option '-qversion'; did you mean '--version'?
gcc: fatal error: no input files
compilation terminated.
configure:3035: $? = 1
configure:3055: checking whether the C compiler works
configure:3077: gcc  -O3 -fno-short-wchar -DU_USING_ICU_NAMESPACE=1 -fno-short-enums -DU_HAVE_NL_LANGINFO_CODESET=0 -D__STDC_INT64__ -DU_TIMEZONE=0 -DUCONFIG_NO_LEGACY_CONVERSION=1 -DUCONFIG_NO_BREAK_ITERATION=1 -DUCONFIG_NO_COLLATION=1 -DUCONFIG_NO_FORMATTING=1 -DUCONFIG_NO_TRANSLITERATION=0 -DUCONFIG_NO_REGULAR_EXPRESSIONS=1  conftest.c  >&5
configure:3081: $? = 0
configure:3129: result: yes
configure:3132: checking for C compiler default output file name
configure:3134: result: a.out
configure:3140: checking for suffix of executables
configure:3147: gcc -o conftest  -O3 -fno-short-wchar -DU_USING_ICU_NAMESPACE=1 -fno-short-enums -DU_HAVE_NL_LANGINFO_CODESET=0 -D__STDC_INT64__ -DU_TIMEZONE=0 -DUCONFIG_NO_LEGACY_CONVERSION=1 -DUCONFIG_NO_BREAK_ITERATION=1 -DUCONFIG_NO_COLLATION=1 -DUCONFIG_NO_FORMATTING=1 -DUCONFIG_NO_TRANSLITERATION=0 -DUCONFIG_NO_REGULAR_EXPRESSIONS=1  conftest.c  >&5
configure:3151: $? = 0
configure:3173: result: 
configure:3195: checking whether we are cross compiling
configure:3203: gcc -o conftest  -O3 -fno-short-wchar -DU_USING_ICU_NAMESPACE=1 -fno-short-enums -DU_HAVE_NL_LANGINFO_CODESET=0 -D__STDC_INT64__ -DU_TIMEZONE=0 -DUCONFIG_NO_LEGACY_CONVERSION=1 -DUCONFIG_NO_BREAK_ITERATION=1 -DUCONFIG_NO_COLLATION=1 -DUCONFIG_NO_FORMATTING=1 -DUCONFIG_NO_TRANSLITERATION=0 -DUCONFIG_NO_REGULAR_EXPRESSIONS=1  conftest.c  >&5
configure:3207: $? = 0
configure:3214: ./conftest
configure:3218: $? = 0
configure:3206: result: no
configure:3211: checking for suffix of object files
configure:3233: gcc -c  -O3 -fno-short-wchar -DU_USING_ICU_NAMESPACE=1 -fno-short-enums -DU_HAVE_NL_LANGINFO_CODESET=0 -D__STDC_INT64__ -DU_TIMEZONE=0 -DUCONFIG_NO_LEGACY_CONVERSION=1 -DUCONFIG_NO_BREAK_ITERATION=1 -DUCONFIG_NO_COLLATION=1 -DUCONFIG_NO_FORMATTING=1 -DUCONFIG_NO_TRANSLITERATION=0 -DUCONFIG_NO_REGULAR_EXPRESSIONS=1 conftest.c >&5
configure:3237: $? = 0
configure:3258: result: o
configure:3262: checking whether we are using the GNU C compiler
configure:3281: gcc -c  -O3 -fno-short-wchar -DU_USING_ICU_NAMESPACE=1 -fno-short-enums -DU_HAVE_NL_LANGINFO_CODESET=0 -D__STDC_INT64__ -DU_TIMEZONE=0 -DUCONFIG_NO_LEGACY_CONVERSION=1 -DUCONFIG_NO_BREAK_ITERATION=1 -DUCONFIG_NO_COLLATION=1 -DUCONFIG_NO_FORMATTING=1 -DUCONFIG_NO_TRANSLITERATION=0 -DUCONFIG_NO_REGULAR_EXPRESSIONS=1 conftest.c >&5
configure:3281: $? = 0
configure:3290: result: yes
configure:3299: checking whether gcc accepts -g
configure:3319: gcc -c -g -O3 -fno-short-wchar -DU_USING_ICU_NAMESPACE=1 -fno-short-enums -DU_HAVE_NL_LANGINFO_CODESET=0 -D__STDC_INT64__ -DU_TIMEZONE=0 -DUCONFIG_NO_LEGACY_CONVERSION=1 -DUCONFIG_NO_BREAK_ITERATION=1 -DUCONFIG_NO_COLLATION=1 -DUCONFIG_NO_FORMATTING=1 -DUCONFIG_NO_TRANSLITERATION=0 -DUCONFIG_NO_REGULAR_EXPRESSIONS=1 conftest.c >&5
configure:3319: $? = 0
configure:3360: result: yes
configure:3377: checking for gcc option to accept ISO C89
configure:3440: gcc  -c  -O3 -fno-short-wchar -DU_USING_ICU_NAMESPACE=1 -fno-short-enums -DU_HAVE_NL_LANGINFO_CODESET=0 -D__STDC_INT64__ -DU_TIMEZONE=0 -DUCONFIG_NO_LEGACY_CONVERSION=1 -DUCONFIG_NO_BREAK_ITERATION=1 -DUCONFIG_NO_COLLATION=1 -DUCONFIG_NO_FORMATTING=1 -DUCONFIG_NO_TRANSLITERATION=0 -DUCONFIG_NO_REGULAR_EXPRESSIONS=1 conftest.c >&5
configure:3440: $? = 0
configure:3453: result: none needed
configure:3533: checking for clang++
configure:3563: result: no
configure:3533: checking for g++
configure:3549: found /usr/bin/g++
configure:3560: result: g++
configure:3587: checking for C++ compiler version
configure:3596: g++ --version >&5
g++ (Debian 8.3.0-6) 8.3.0
Copyright (C) 2018 Free Software Foundation, Inc.
This is free software; see the source for copying conditions.  There is NO
warranty; not even for MERCHANTABILITY or FITNESS FOR A PARTICULAR PURPOSE.

configure:3607: $? = 0
configure:3596: g++ -v >&5
Using built-in specs.
COLLECT_GCC=g++
COLLECT_LTO_WRAPPER=/usr/lib/gcc/x86_64-linux-gnu/8/lto-wrapper
OFFLOAD_TARGET_NAMES=nvptx-none
OFFLOAD_TARGET_DEFAULT=1
Target: x86_64-linux-gnu
Configured with: ../src/configure -v --with-pkgversion='Debian 8.3.0-6' --with-bugurl=file:///usr/share/doc/gcc-8/README.Bugs --enable-languages=c,ada,c++,go,brig,d,fortran,objc,obj-c++ --prefix=/usr --with-gcc-major-version-only --program-suffix=-8 --program-prefix=x86_64-linux-gnu- --enable-shared --enable-linker-build-id --libexecdir=/usr/lib --without-included-gettext --enable-threads=posix --libdir=/usr/lib --enable-nls --enable-bootstrap --enable-clocale=gnu --enable-libstdcxx-debug --enable-libstdcxx-time=yes --with-default-libstdcxx-abi=new --enable-gnu-unique-object --disable-vtable-verify --enable-libmpx --enable-plugin --enable-default-pie --with-system-zlib --with-target-system-zlib --enable-objc-gc=auto --enable-multiarch --disable-werror --with-arch-32=i686 --with-abi=m64 --with-multilib-list=m32,m64,mx32 --enable-multilib --with-tune=generic --enable-offload-targets=nvptx-none --without-cuda-driver --enable-checking=release --build=x86_64-linux-gnu --host=x86_64-linux-gnu --target=x86_64-linux-gnu
Thread model: posix
gcc version 8.3.0 (Debian 8.3.0-6) 
configure:3607: $? = 0
configure:3596: g++ -V >&5
g++: error: unrecognized command line option '-V'
g++: fatal error: no input files
compilation terminated.
configure:3607: $? = 1
configure:3596: g++ -qversion >&5
g++: error: unrecognized command line option '-qversion'; did you mean '--version'?
g++: fatal error: no input files
compilation terminated.
configure:3607: $? = 1
configure:3611: checking whether we are using the GNU C++ compiler
configure:3630: g++ -c  -O3 -fno-short-wchar -DU_USING_ICU_NAMESPACE=1 -fno-short-enums -DU_HAVE_NL_LANGINFO_CODESET=0 -D__STDC_INT64__ -DU_TIMEZONE=0 -DUCONFIG_NO_LEGACY_CONVERSION=1 -DUCONFIG_NO_BREAK_ITERATION=1 -DUCONFIG_NO_COLLATION=1 -DUCONFIG_NO_FORMATTING=1 -DUCONFIG_NO_TRANSLITERATION=0 -DUCONFIG_NO_REGULAR_EXPRESSIONS=1 conftest.cpp >&5
configure:3630: $? = 0
configure:3639: result: yes
configure:3648: checking whether g++ accepts -g
configure:3668: g++ -c -g -O3 -fno-short-wchar -DU_USING_ICU_NAMESPACE=1 -fno-short-enums -DU_HAVE_NL_LANGINFO_CODESET=0 -D__STDC_INT64__ -DU_TIMEZONE=0 -DUCONFIG_NO_LEGACY_CONVERSION=1 -DUCONFIG_NO_BREAK_ITERATION=1 -DUCONFIG_NO_COLLATION=1 -DUCONFIG_NO_FORMATTING=1 -DUCONFIG_NO_TRANSLITERATION=0 -DUCONFIG_NO_REGULAR_EXPRESSIONS=1 conftest.cpp >&5
configure:3668: $? = 0
configure:3709: result: yes
configure:3788: checking for pkg-config
configure:3806: found /usr/bin/pkg-config
configure:3818: result: /usr/bin/pkg-config
configure:3843: checking pkg-config is at least version 0.20
configure:3846: result: yes
configure:3856: checking for ICULEHB
configure:3863: $PKG_CONFIG --exists --print-errors "icu-le-hb"
Package icu-le-hb was not found in the pkg-config search path.
Perhaps you should add the directory containing `icu-le-hb.pc'
to the PKG_CONFIG_PATH environment variable
No package 'icu-le-hb' found
configure:3866: $? = 1
configure:3880: $PKG_CONFIG --exists --print-errors "icu-le-hb"
Package icu-le-hb was not found in the pkg-config search path.
Perhaps you should add the directory containing `icu-le-hb.pc'
to the PKG_CONFIG_PATH environment variable
No package 'icu-le-hb' found
configure:3883: $? = 1
configure:3897: result: no
No package 'icu-le-hb' found
configure:3952: checking how to run the C preprocessor
configure:3983: gcc -E -O3 -fno-short-wchar -DU_USING_ICU_NAMESPACE=1 -fno-short-enums -DU_HAVE_NL_LANGINFO_CODESET=0 -D__STDC_INT64__ -DU_TIMEZONE=0 -DUCONFIG_NO_LEGACY_CONVERSION=1 -DUCONFIG_NO_BREAK_ITERATION=1 -DUCONFIG_NO_COLLATION=1 -DUCONFIG_NO_FORMATTING=1 -DUCONFIG_NO_TRANSLITERATION=0 -DUCONFIG_NO_REGULAR_EXPRESSIONS=1 conftest.c
configure:3983: $? = 0
configure:3997: gcc -E -O3 -fno-short-wchar -DU_USING_ICU_NAMESPACE=1 -fno-short-enums -DU_HAVE_NL_LANGINFO_CODESET=0 -D__STDC_INT64__ -DU_TIMEZONE=0 -DUCONFIG_NO_LEGACY_CONVERSION=1 -DUCONFIG_NO_BREAK_ITERATION=1 -DUCONFIG_NO_COLLATION=1 -DUCONFIG_NO_FORMATTING=1 -DUCONFIG_NO_TRANSLITERATION=0 -DUCONFIG_NO_REGULAR_EXPRESSIONS=1 conftest.c
conftest.c:9:10: fatal error: ac_nonexistent.h: No such file or directory
 #include <ac_nonexistent.h>
          ^~~~~~~~~~~~~~~~~~
compilation terminated.
configure:3997: $? = 1
configure: failed program was:
| /* confdefs.h */
| #define PACKAGE_NAME "ICU"
| #define PACKAGE_TARNAME "International Components for Unicode"
| #define PACKAGE_VERSION "65.1"
| #define PACKAGE_STRING "ICU 65.1"
| #define PACKAGE_BUGREPORT "http://icu-project.org/bugs"
| #define PACKAGE_URL "http://icu-project.org"
| /* end confdefs.h.  */
| #include <ac_nonexistent.h>
configure:4022: result: gcc -E
configure:4042: gcc -E -O3 -fno-short-wchar -DU_USING_ICU_NAMESPACE=1 -fno-short-enums -DU_HAVE_NL_LANGINFO_CODESET=0 -D__STDC_INT64__ -DU_TIMEZONE=0 -DUCONFIG_NO_LEGACY_CONVERSION=1 -DUCONFIG_NO_BREAK_ITERATION=1 -DUCONFIG_NO_COLLATION=1 -DUCONFIG_NO_FORMATTING=1 -DUCONFIG_NO_TRANSLITERATION=0 -DUCONFIG_NO_REGULAR_EXPRESSIONS=1 conftest.c
configure:4042: $? = 0
configure:4056: gcc -E -O3 -fno-short-wchar -DU_USING_ICU_NAMESPACE=1 -fno-short-enums -DU_HAVE_NL_LANGINFO_CODESET=0 -D__STDC_INT64__ -DU_TIMEZONE=0 -DUCONFIG_NO_LEGACY_CONVERSION=1 -DUCONFIG_NO_BREAK_ITERATION=1 -DUCONFIG_NO_COLLATION=1 -DUCONFIG_NO_FORMATTING=1 -DUCONFIG_NO_TRANSLITERATION=0 -DUCONFIG_NO_REGULAR_EXPRESSIONS=1 conftest.c
conftest.c:9:10: fatal error: ac_nonexistent.h: No such file or directory
 #include <ac_nonexistent.h>
          ^~~~~~~~~~~~~~~~~~
compilation terminated.
configure:4056: $? = 1
configure: failed program was:
| /* confdefs.h */
| #define PACKAGE_NAME "ICU"
| #define PACKAGE_TARNAME "International Components for Unicode"
| #define PACKAGE_VERSION "65.1"
| #define PACKAGE_STRING "ICU 65.1"
| #define PACKAGE_BUGREPORT "http://icu-project.org/bugs"
| #define PACKAGE_URL "http://icu-project.org"
| /* end confdefs.h.  */
| #include <ac_nonexistent.h>
configure:4099: checking for a BSD-compatible install
configure:4167: result: /usr/bin/install -c
configure:4199: g++ -o conftest  -O2 -O3 -fno-short-wchar -DU_USING_ICU_NAMESPACE=1 -fno-short-enums -DU_HAVE_NL_LANGINFO_CODESET=0 -D__STDC_INT64__ -DU_TIMEZONE=0 -DUCONFIG_NO_LEGACY_CONVERSION=1 -DUCONFIG_NO_BREAK_ITERATION=1 -DUCONFIG_NO_COLLATION=1 -DUCONFIG_NO_FORMATTING=1 -DUCONFIG_NO_TRANSLITERATION=0 -DUCONFIG_NO_REGULAR_EXPRESSIONS=1  conftest.cpp  >&5
configure:4199: $? = 0
configure:4227: checking for python3
configure:4243: found /usr/bin/python3
configure:4254: result: python3
configure:4272: checking for gmake
configure:4305: result: no
configure:4272: checking for gnumake
configure:4305: result: no
configure:4347: checking for doxygen
configure:4381: result: no
configure:4401: checking checking for executable suffix
configure:4408: result: 
configure:4414: checking whether strict compiling is on
configure:4430: result: no
configure:4480: checking for grep that handles long lines and -e
configure:4538: result: /bin/grep
configure:4543: checking for egrep
configure:4605: result: /bin/grep -E
configure:4610: checking for ANSI C header files
configure:4630: gcc -c  -O2 -O3 -fno-short-wchar -DU_USING_ICU_NAMESPACE=1 -fno-short-enums -DU_HAVE_NL_LANGINFO_CODESET=0 -D__STDC_INT64__ -DU_TIMEZONE=0 -DUCONFIG_NO_LEGACY_CONVERSION=1 -DUCONFIG_NO_BREAK_ITERATION=1 -DUCONFIG_NO_COLLATION=1 -DUCONFIG_NO_FORMATTING=1 -DUCONFIG_NO_TRANSLITERATION=0 -DUCONFIG_NO_REGULAR_EXPRESSIONS=1 conftest.c >&5
configure:4630: $? = 0
configure:4703: gcc -o conftest  -O2 -O3 -fno-short-wchar -DU_USING_ICU_NAMESPACE=1 -fno-short-enums -DU_HAVE_NL_LANGINFO_CODESET=0 -D__STDC_INT64__ -DU_TIMEZONE=0 -DUCONFIG_NO_LEGACY_CONVERSION=1 -DUCONFIG_NO_BREAK_ITERATION=1 -DUCONFIG_NO_COLLATION=1 -DUCONFIG_NO_FORMATTING=1 -DUCONFIG_NO_TRANSLITERATION=0 -DUCONFIG_NO_REGULAR_EXPRESSIONS=1  conftest.c  >&5
configure:4703: $? = 0
configure:4703: ./conftest
configure:4703: $? = 0
configure:4714: result: yes
configure:4727: checking for sys/types.h
configure:4727: gcc -c  -O2 -O3 -fno-short-wchar -DU_USING_ICU_NAMESPACE=1 -fno-short-enums -DU_HAVE_NL_LANGINFO_CODESET=0 -D__STDC_INT64__ -DU_TIMEZONE=0 -DUCONFIG_NO_LEGACY_CONVERSION=1 -DUCONFIG_NO_BREAK_ITERATION=1 -DUCONFIG_NO_COLLATION=1 -DUCONFIG_NO_FORMATTING=1 -DUCONFIG_NO_TRANSLITERATION=0 -DUCONFIG_NO_REGULAR_EXPRESSIONS=1 conftest.c >&5
configure:4727: $? = 0
configure:4727: result: yes
configure:4727: checking for sys/stat.h
configure:4727: gcc -c  -O2 -O3 -fno-short-wchar -DU_USING_ICU_NAMESPACE=1 -fno-short-enums -DU_HAVE_NL_LANGINFO_CODESET=0 -D__STDC_INT64__ -DU_TIMEZONE=0 -DUCONFIG_NO_LEGACY_CONVERSION=1 -DUCONFIG_NO_BREAK_ITERATION=1 -DUCONFIG_NO_COLLATION=1 -DUCONFIG_NO_FORMATTING=1 -DUCONFIG_NO_TRANSLITERATION=0 -DUCONFIG_NO_REGULAR_EXPRESSIONS=1 conftest.c >&5
configure:4727: $? = 0
configure:4727: result: yes
configure:4727: checking for stdlib.h
configure:4727: gcc -c  -O2 -O3 -fno-short-wchar -DU_USING_ICU_NAMESPACE=1 -fno-short-enums -DU_HAVE_NL_LANGINFO_CODESET=0 -D__STDC_INT64__ -DU_TIMEZONE=0 -DUCONFIG_NO_LEGACY_CONVERSION=1 -DUCONFIG_NO_BREAK_ITERATION=1 -DUCONFIG_NO_COLLATION=1 -DUCONFIG_NO_FORMATTING=1 -DUCONFIG_NO_TRANSLITERATION=0 -DUCONFIG_NO_REGULAR_EXPRESSIONS=1 conftest.c >&5
configure:4727: $? = 0
configure:4727: result: yes
configure:4727: checking for string.h
configure:4727: gcc -c  -O2 -O3 -fno-short-wchar -DU_USING_ICU_NAMESPACE=1 -fno-short-enums -DU_HAVE_NL_LANGINFO_CODESET=0 -D__STDC_INT64__ -DU_TIMEZONE=0 -DUCONFIG_NO_LEGACY_CONVERSION=1 -DUCONFIG_NO_BREAK_ITERATION=1 -DUCONFIG_NO_COLLATION=1 -DUCONFIG_NO_FORMATTING=1 -DUCONFIG_NO_TRANSLITERATION=0 -DUCONFIG_NO_REGULAR_EXPRESSIONS=1 conftest.c >&5
configure:4727: $? = 0
configure:4727: result: yes
configure:4727: checking for memory.h
configure:4727: gcc -c  -O2 -O3 -fno-short-wchar -DU_USING_ICU_NAMESPACE=1 -fno-short-enums -DU_HAVE_NL_LANGINFO_CODESET=0 -D__STDC_INT64__ -DU_TIMEZONE=0 -DUCONFIG_NO_LEGACY_CONVERSION=1 -DUCONFIG_NO_BREAK_ITERATION=1 -DUCONFIG_NO_COLLATION=1 -DUCONFIG_NO_FORMATTING=1 -DUCONFIG_NO_TRANSLITERATION=0 -DUCONFIG_NO_REGULAR_EXPRESSIONS=1 conftest.c >&5
configure:4727: $? = 0
configure:4727: result: yes
configure:4727: checking for strings.h
configure:4727: gcc -c  -O2 -O3 -fno-short-wchar -DU_USING_ICU_NAMESPACE=1 -fno-short-enums -DU_HAVE_NL_LANGINFO_CODESET=0 -D__STDC_INT64__ -DU_TIMEZONE=0 -DUCONFIG_NO_LEGACY_CONVERSION=1 -DUCONFIG_NO_BREAK_ITERATION=1 -DUCONFIG_NO_COLLATION=1 -DUCONFIG_NO_FORMATTING=1 -DUCONFIG_NO_TRANSLITERATION=0 -DUCONFIG_NO_REGULAR_EXPRESSIONS=1 conftest.c >&5
configure:4727: $? = 0
configure:4727: result: yes
configure:4727: checking for inttypes.h
configure:4727: gcc -c  -O2 -O3 -fno-short-wchar -DU_USING_ICU_NAMESPACE=1 -fno-short-enums -DU_HAVE_NL_LANGINFO_CODESET=0 -D__STDC_INT64__ -DU_TIMEZONE=0 -DUCONFIG_NO_LEGACY_CONVERSION=1 -DUCONFIG_NO_BREAK_ITERATION=1 -DUCONFIG_NO_COLLATION=1 -DUCONFIG_NO_FORMATTING=1 -DUCONFIG_NO_TRANSLITERATION=0 -DUCONFIG_NO_REGULAR_EXPRESSIONS=1 conftest.c >&5
configure:4727: $? = 0
configure:4727: result: yes
configure:4727: checking for stdint.h
configure:4727: gcc -c  -O2 -O3 -fno-short-wchar -DU_USING_ICU_NAMESPACE=1 -fno-short-enums -DU_HAVE_NL_LANGINFO_CODESET=0 -D__STDC_INT64__ -DU_TIMEZONE=0 -DUCONFIG_NO_LEGACY_CONVERSION=1 -DUCONFIG_NO_BREAK_ITERATION=1 -DUCONFIG_NO_COLLATION=1 -DUCONFIG_NO_FORMATTING=1 -DUCONFIG_NO_TRANSLITERATION=0 -DUCONFIG_NO_REGULAR_EXPRESSIONS=1 conftest.c >&5
configure:4727: $? = 0
configure:4727: result: yes
configure:4727: checking for unistd.h
configure:4727: gcc -c  -O2 -O3 -fno-short-wchar -DU_USING_ICU_NAMESPACE=1 -fno-short-enums -DU_HAVE_NL_LANGINFO_CODESET=0 -D__STDC_INT64__ -DU_TIMEZONE=0 -DUCONFIG_NO_LEGACY_CONVERSION=1 -DUCONFIG_NO_BREAK_ITERATION=1 -DUCONFIG_NO_COLLATION=1 -DUCONFIG_NO_FORMATTING=1 -DUCONFIG_NO_TRANSLITERATION=0 -DUCONFIG_NO_REGULAR_EXPRESSIONS=1 conftest.c >&5
configure:4727: $? = 0
configure:4727: result: yes
configure:4776: checking size of void *
configure:4781: gcc -o conftest  -O2 -O3 -fno-short-wchar -DU_USING_ICU_NAMESPACE=1 -fno-short-enums -DU_HAVE_NL_LANGINFO_CODESET=0 -D__STDC_INT64__ -DU_TIMEZONE=0 -DUCONFIG_NO_LEGACY_CONVERSION=1 -DUCONFIG_NO_BREAK_ITERATION=1 -DUCONFIG_NO_COLLATION=1 -DUCONFIG_NO_FORMATTING=1 -DUCONFIG_NO_TRANSLITERATION=0 -DUCONFIG_NO_REGULAR_EXPRESSIONS=1  conftest.c  >&5
configure:4781: $? = 0
configure:4781: ./conftest
configure:4781: $? = 0
configure:4795: result: 8
configure:4805: checking whether runnable 64 bit binaries are built by default
configure:4862: result: yes
configure:5206: checking which Makefile fragment to use for x86_64-pc-linux-gnu
configure:5302: result: mh-linux
configure:5351: checking for floor in -lm
configure:5376: gcc -o conftest  -O2 -O3 -fno-short-wchar -DU_USING_ICU_NAMESPACE=1 -fno-short-enums -DU_HAVE_NL_LANGINFO_CODESET=0 -D__STDC_INT64__ -DU_TIMEZONE=0 -DUCONFIG_NO_LEGACY_CONVERSION=1 -DUCONFIG_NO_BREAK_ITERATION=1 -DUCONFIG_NO_COLLATION=1 -DUCONFIG_NO_FORMATTING=1 -DUCONFIG_NO_TRANSLITERATION=0 -DUCONFIG_NO_REGULAR_EXPRESSIONS=1  conftest.c -lm   >&5
conftest.c:27:6: warning: conflicting types for built-in function 'floor' [-Wbuiltin-declaration-mismatch]
 char floor ();
      ^~~~~
configure:5376: $? = 0
configure:5385: result: yes
configure:5401: checking whether to build shared libraries
configure:5416: result: no
configure:5421: checking whether to build static libraries
configure:5433: result: yes
configure:5441: checking whether we can use static library optimization option
configure:5470: gcc -o conftest  -O2 -O3 -fno-short-wchar -DU_USING_ICU_NAMESPACE=1 -fno-short-enums -DU_HAVE_NL_LANGINFO_CODESET=0 -D__STDC_INT64__ -DU_TIMEZONE=0 -DUCONFIG_NO_LEGACY_CONVERSION=1 -DUCONFIG_NO_BREAK_ITERATION=1 -DUCONFIG_NO_COLLATION=1 -DUCONFIG_NO_FORMATTING=1 -DUCONFIG_NO_TRANSLITERATION=0 -DUCONFIG_NO_REGULAR_EXPRESSIONS=1 -ffunction-sections -fdata-sections  -Wl,--gc-sections conftest.c -lm  >&5
configure:5470: $? = 0
configure:5477: result: yes
configure:5489: checking whether to enable auto cleanup of libraries
configure:5504: result: no
configure:5543: checking whether to enable draft APIs
configure:5557: result: yes
configure:5608: checking for ranlib
configure:5624: found /usr/bin/ranlib
configure:5635: result: ranlib
configure:5659: checking for a sed that does not truncate output
configure:5723: result: /bin/sed
configure:5773: checking for ar
configure:5789: found /usr/bin/ar
configure:5800: result: ar
configure:5823: checking whether to enable renaming of symbols
configure:5838: result: yes
configure:5842: checking whether to enable function and data tracing
configure:5857: result: no
configure:5864: checking elf.h usability
configure:5864: gcc -c  -O2 -O3 -fno-short-wchar -DU_USING_ICU_NAMESPACE=1 -fno-short-enums -DU_HAVE_NL_LANGINFO_CODESET=0 -D__STDC_INT64__ -DU_TIMEZONE=0 -DUCONFIG_NO_LEGACY_CONVERSION=1 -DUCONFIG_NO_BREAK_ITERATION=1 -DUCONFIG_NO_COLLATION=1 -DUCONFIG_NO_FORMATTING=1 -DUCONFIG_NO_TRANSLITERATION=0 -DUCONFIG_NO_REGULAR_EXPRESSIONS=1 -ffunction-sections -fdata-sections conftest.c >&5
configure:5864: $? = 0
configure:5864: result: yes
configure:5864: checking elf.h presence
configure:5864: gcc -E -O3 -fno-short-wchar -DU_USING_ICU_NAMESPACE=1 -fno-short-enums -DU_HAVE_NL_LANGINFO_CODESET=0 -D__STDC_INT64__ -DU_TIMEZONE=0 -DUCONFIG_NO_LEGACY_CONVERSION=1 -DUCONFIG_NO_BREAK_ITERATION=1 -DUCONFIG_NO_COLLATION=1 -DUCONFIG_NO_FORMATTING=1 -DUCONFIG_NO_TRANSLITERATION=0 -DUCONFIG_NO_REGULAR_EXPRESSIONS=1 -ffunction-sections -fdata-sections conftest.c
configure:5864: $? = 0
configure:5864: result: yes
configure:5864: checking for elf.h
configure:5864: result: yes
configure:5907: checking whether to enable dynamic loading of plugins. Ignored if plugins disabled.
configure:5925: result: no
configure:6021: checking for gettimeofday
configure:6021: gcc -o conftest  -O2 -O3 -fno-short-wchar -DU_USING_ICU_NAMESPACE=1 -fno-short-enums -DU_HAVE_NL_LANGINFO_CODESET=0 -D__STDC_INT64__ -DU_TIMEZONE=0 -DUCONFIG_NO_LEGACY_CONVERSION=1 -DUCONFIG_NO_BREAK_ITERATION=1 -DUCONFIG_NO_COLLATION=1 -DUCONFIG_NO_FORMATTING=1 -DUCONFIG_NO_TRANSLITERATION=0 -DUCONFIG_NO_REGULAR_EXPRESSIONS=1 -ffunction-sections -fdata-sections  -Wl,--gc-sections conftest.c -lm  >&5
configure:6021: $? = 0
configure:6021: result: yes
configure:6055: checking if we have a C++ compiler
configure:6068: g++ -c  -O2 -O3 -fno-short-wchar -DU_USING_ICU_NAMESPACE=1 -fno-short-enums -DU_HAVE_NL_LANGINFO_CODESET=0 -D__STDC_INT64__ -DU_TIMEZONE=0 -DUCONFIG_NO_LEGACY_CONVERSION=1 -DUCONFIG_NO_BREAK_ITERATION=1 -DUCONFIG_NO_COLLATION=1 -DUCONFIG_NO_FORMATTING=1 -DUCONFIG_NO_TRANSLITERATION=0 -DUCONFIG_NO_REGULAR_EXPRESSIONS=1 -ffunction-sections -fdata-sections conftest.cpp >&5
configure:6068: $? = 0
configure:6076: result: Good
configure:6090: checking if we have a C++11 compiler
configure:6103: g++ -c  -O2 -std=c++11 -O3 -fno-short-wchar -DU_USING_ICU_NAMESPACE=1 -fno-short-enums -DU_HAVE_NL_LANGINFO_CODESET=0 -D__STDC_INT64__ -DU_TIMEZONE=0 -DUCONFIG_NO_LEGACY_CONVERSION=1 -DUCONFIG_NO_BREAK_ITERATION=1 -DUCONFIG_NO_COLLATION=1 -DUCONFIG_NO_FORMATTING=1 -DUCONFIG_NO_TRANSLITERATION=0 -DUCONFIG_NO_REGULAR_EXPRESSIONS=1 -ffunction-sections -fdata-sections conftest.cpp >&5
configure:6103: $? = 0
configure:6109: result: yes
configure:6112: Adding CXXFLAGS option -std=c++11
configure:6142: checking for pthread_attr_init in -lpthread
configure:6167: gcc -o conftest  -O2 -O3 -fno-short-wchar -DU_USING_ICU_NAMESPACE=1 -fno-short-enums -DU_HAVE_NL_LANGINFO_CODESET=0 -D__STDC_INT64__ -DU_TIMEZONE=0 -DUCONFIG_NO_LEGACY_CONVERSION=1 -DUCONFIG_NO_BREAK_ITERATION=1 -DUCONFIG_NO_COLLATION=1 -DUCONFIG_NO_FORMATTING=1 -DUCONFIG_NO_TRANSLITERATION=0 -DUCONFIG_NO_REGULAR_EXPRESSIONS=1 -ffunction-sections -fdata-sections  -Wl,--gc-sections conftest.c -lpthread  -lm  >&5
configure:6167: $? = 0
configure:6176: result: yes
configure:6380: checking for mmap
configure:6399: gcc -o conftest  -O2 -O3 -fno-short-wchar -DU_USING_ICU_NAMESPACE=1 -fno-short-enums -DU_HAVE_NL_LANGINFO_CODESET=0 -D__STDC_INT64__ -DU_TIMEZONE=0 -DUCONFIG_NO_LEGACY_CONVERSION=1 -DUCONFIG_NO_BREAK_ITERATION=1 -DUCONFIG_NO_COLLATION=1 -DUCONFIG_NO_FORMATTING=1 -DUCONFIG_NO_TRANSLITERATION=0 -DUCONFIG_NO_REGULAR_EXPRESSIONS=1 -ffunction-sections -fdata-sections  -Wl,--gc-sections conftest.c -lpthread -lm  >&5
configure:6399: $? = 0
configure:6408: result: yes
configure:6418: checking for genccode assembly
configure:6455: result: -a gcc
configure:6461: checking for inttypes.h
configure:6461: result: yes
configure:6490: checking dirent.h usability
configure:6490: gcc -c  -O2 -O3 -fno-short-wchar -DU_USING_ICU_NAMESPACE=1 -fno-short-enums -DU_HAVE_NL_LANGINFO_CODESET=0 -D__STDC_INT64__ -DU_TIMEZONE=0 -DUCONFIG_NO_LEGACY_CONVERSION=1 -DUCONFIG_NO_BREAK_ITERATION=1 -DUCONFIG_NO_COLLATION=1 -DUCONFIG_NO_FORMATTING=1 -DUCONFIG_NO_TRANSLITERATION=0 -DUCONFIG_NO_REGULAR_EXPRESSIONS=1 -ffunction-sections -fdata-sections conftest.c >&5
configure:6490: $? = 0
configure:6490: result: yes
configure:6490: checking dirent.h presence
configure:6490: gcc -E -O3 -fno-short-wchar -DU_USING_ICU_NAMESPACE=1 -fno-short-enums -DU_HAVE_NL_LANGINFO_CODESET=0 -D__STDC_INT64__ -DU_TIMEZONE=0 -DUCONFIG_NO_LEGACY_CONVERSION=1 -DUCONFIG_NO_BREAK_ITERATION=1 -DUCONFIG_NO_COLLATION=1 -DUCONFIG_NO_FORMATTING=1 -DUCONFIG_NO_TRANSLITERATION=0 -DUCONFIG_NO_REGULAR_EXPRESSIONS=1 -ffunction-sections -fdata-sections conftest.c
configure:6490: $? = 0
configure:6490: result: yes
configure:6490: checking for dirent.h
configure:6490: result: yes
configure:6510: checking whether byte ordering is bigendian
configure:6525: gcc -c  -O2 -O3 -fno-short-wchar -DU_USING_ICU_NAMESPACE=1 -fno-short-enums -DU_HAVE_NL_LANGINFO_CODESET=0 -D__STDC_INT64__ -DU_TIMEZONE=0 -DUCONFIG_NO_LEGACY_CONVERSION=1 -DUCONFIG_NO_BREAK_ITERATION=1 -DUCONFIG_NO_COLLATION=1 -DUCONFIG_NO_FORMATTING=1 -DUCONFIG_NO_TRANSLITERATION=0 -DUCONFIG_NO_REGULAR_EXPRESSIONS=1 -ffunction-sections -fdata-sections conftest.c >&5
conftest.c:27:9: error: unknown type name 'not'
         not a universal capable compiler
         ^~~
conftest.c:27:15: error: expected '=', ',', ';', 'asm' or '__attribute__' before 'universal'
         not a universal capable compiler
               ^~~~~~~~~
conftest.c:27:15: error: unknown type name 'universal'
configure:6525: $? = 1
configure: failed program was:
| /* confdefs.h */
| #define PACKAGE_NAME "ICU"
| #define PACKAGE_TARNAME "International Components for Unicode"
| #define PACKAGE_VERSION "65.1"
| #define PACKAGE_STRING "ICU 65.1"
| #define PACKAGE_BUGREPORT "http://icu-project.org/bugs"
| #define PACKAGE_URL "http://icu-project.org"
| #define STDC_HEADERS 1
| #define HAVE_SYS_TYPES_H 1
| #define HAVE_SYS_STAT_H 1
| #define HAVE_STDLIB_H 1
| #define HAVE_STRING_H 1
| #define HAVE_MEMORY_H 1
| #define HAVE_STRINGS_H 1
| #define HAVE_INTTYPES_H 1
| #define HAVE_STDINT_H 1
| #define HAVE_UNISTD_H 1
| #define SIZEOF_VOID_P 8
| #define HAVE_LIBM 1
| #define HAVE_ELF_H 1
| #define HAVE_GETTIMEOFDAY 1
| #define HAVE_LIBPTHREAD 1
| #define HAVE_INTTYPES_H 1
| #define HAVE_DIRENT_H 1
| /* end confdefs.h.  */
| #ifndef __APPLE_CC__
| 	       not a universal capable compiler
| 	     #endif
| 	     typedef int dummy;
| 
configure:6570: gcc -c  -O2 -O3 -fno-short-wchar -DU_USING_ICU_NAMESPACE=1 -fno-short-enums -DU_HAVE_NL_LANGINFO_CODESET=0 -D__STDC_INT64__ -DU_TIMEZONE=0 -DUCONFIG_NO_LEGACY_CONVERSION=1 -DUCONFIG_NO_BREAK_ITERATION=1 -DUCONFIG_NO_COLLATION=1 -DUCONFIG_NO_FORMATTING=1 -DUCONFIG_NO_TRANSLITERATION=0 -DUCONFIG_NO_REGULAR_EXPRESSIONS=1 -ffunction-sections -fdata-sections conftest.c >&5
configure:6570: $? = 0
configure:6588: gcc -c  -O2 -O3 -fno-short-wchar -DU_USING_ICU_NAMESPACE=1 -fno-short-enums -DU_HAVE_NL_LANGINFO_CODESET=0 -D__STDC_INT64__ -DU_TIMEZONE=0 -DUCONFIG_NO_LEGACY_CONVERSION=1 -DUCONFIG_NO_BREAK_ITERATION=1 -DUCONFIG_NO_COLLATION=1 -DUCONFIG_NO_FORMATTING=1 -DUCONFIG_NO_TRANSLITERATION=0 -DUCONFIG_NO_REGULAR_EXPRESSIONS=1 -ffunction-sections -fdata-sections conftest.c >&5
conftest.c: In function 'main':
conftest.c:33:4: error: unknown type name 'not'; did you mean 'ino_t'?
    not big endian
    ^~~
    ino_t
conftest.c:33:12: error: expected '=', ',', ';', 'asm' or '__attribute__' before 'endian'
    not big endian
            ^~~~~~
configure:6588: $? = 1
configure: failed program was:
| /* confdefs.h */
| #define PACKAGE_NAME "ICU"
| #define PACKAGE_TARNAME "International Components for Unicode"
| #define PACKAGE_VERSION "65.1"
| #define PACKAGE_STRING "ICU 65.1"
| #define PACKAGE_BUGREPORT "http://icu-project.org/bugs"
| #define PACKAGE_URL "http://icu-project.org"
| #define STDC_HEADERS 1
| #define HAVE_SYS_TYPES_H 1
| #define HAVE_SYS_STAT_H 1
| #define HAVE_STDLIB_H 1
| #define HAVE_STRING_H 1
| #define HAVE_MEMORY_H 1
| #define HAVE_STRINGS_H 1
| #define HAVE_INTTYPES_H 1
| #define HAVE_STDINT_H 1
| #define HAVE_UNISTD_H 1
| #define SIZEOF_VOID_P 8
| #define HAVE_LIBM 1
| #define HAVE_ELF_H 1
| #define HAVE_GETTIMEOFDAY 1
| #define HAVE_LIBPTHREAD 1
| #define HAVE_INTTYPES_H 1
| #define HAVE_DIRENT_H 1
| /* end confdefs.h.  */
| #include <sys/types.h>
| 		#include <sys/param.h>
| 
| int
| main ()
| {
| #if BYTE_ORDER != BIG_ENDIAN
| 		 not big endian
| 		#endif
| 
|   ;
|   return 0;
| }
configure:6716: result: no
configure:6746: checking for nl_langinfo
configure:6746: gcc -o conftest  -O2 -O3 -fno-short-wchar -DU_USING_ICU_NAMESPACE=1 -fno-short-enums -DU_HAVE_NL_LANGINFO_CODESET=0 -D__STDC_INT64__ -DU_TIMEZONE=0 -DUCONFIG_NO_LEGACY_CONVERSION=1 -DUCONFIG_NO_BREAK_ITERATION=1 -DUCONFIG_NO_COLLATION=1 -DUCONFIG_NO_FORMATTING=1 -DUCONFIG_NO_TRANSLITERATION=0 -DUCONFIG_NO_REGULAR_EXPRESSIONS=1 -ffunction-sections -fdata-sections  -Wl,--gc-sections conftest.c -lpthread -lm  >&5
configure:6746: $? = 0
configure:6746: result: yes
configure:6754: checking for nl_langinfo's argument to obtain the codeset
configure:6772: gcc -o conftest  -O2 -O3 -fno-short-wchar -DU_USING_ICU_NAMESPACE=1 -fno-short-enums -DU_HAVE_NL_LANGINFO_CODESET=0 -D__STDC_INT64__ -DU_TIMEZONE=0 -DUCONFIG_NO_LEGACY_CONVERSION=1 -DUCONFIG_NO_BREAK_ITERATION=1 -DUCONFIG_NO_COLLATION=1 -DUCONFIG_NO_FORMATTING=1 -DUCONFIG_NO_TRANSLITERATION=0 -DUCONFIG_NO_REGULAR_EXPRESSIONS=1 -ffunction-sections -fdata-sections  -Wl,--gc-sections conftest.c -lpthread -lm  >&5
configure:6772: $? = 0
configure:6779: result: CODESET
configure:6803: checking for namespace support
configure:6822: g++ -o conftest  -O2 -std=c++11 -O3 -fno-short-wchar -DU_USING_ICU_NAMESPACE=1 -fno-short-enums -DU_HAVE_NL_LANGINFO_CODESET=0 -D__STDC_INT64__ -DU_TIMEZONE=0 -DUCONFIG_NO_LEGACY_CONVERSION=1 -DUCONFIG_NO_BREAK_ITERATION=1 -DUCONFIG_NO_COLLATION=1 -DUCONFIG_NO_FORMATTING=1 -DUCONFIG_NO_TRANSLITERATION=0 -DUCONFIG_NO_REGULAR_EXPRESSIONS=1 -ffunction-sections -fdata-sections  -Wl,--gc-sections conftest.cpp -lpthread -lm  >&5
configure:6822: $? = 0
configure:6831: result: yes
configure:6838: checking for properly overriding new and delete
configure:6864: g++ -o conftest  -O2 -std=c++11 -O3 -fno-short-wchar -DU_USING_ICU_NAMESPACE=1 -fno-short-enums -DU_HAVE_NL_LANGINFO_CODESET=0 -D__STDC_INT64__ -DU_TIMEZONE=0 -DUCONFIG_NO_LEGACY_CONVERSION=1 -DUCONFIG_NO_BREAK_ITERATION=1 -DUCONFIG_NO_COLLATION=1 -DUCONFIG_NO_FORMATTING=1 -DUCONFIG_NO_TRANSLITERATION=0 -DUCONFIG_NO_REGULAR_EXPRESSIONS=1 -ffunction-sections -fdata-sections  -Wl,--gc-sections conftest.cpp -lpthread -lm  >&5
configure:6864: $? = 0
configure:6873: result: yes
configure:6878: checking for placement new and delete
configure:6904: g++ -o conftest  -O2 -std=c++11 -O3 -fno-short-wchar -DU_USING_ICU_NAMESPACE=1 -fno-short-enums -DU_HAVE_NL_LANGINFO_CODESET=0 -D__STDC_INT64__ -DU_TIMEZONE=0 -DUCONFIG_NO_LEGACY_CONVERSION=1 -DUCONFIG_NO_BREAK_ITERATION=1 -DUCONFIG_NO_COLLATION=1 -DUCONFIG_NO_FORMATTING=1 -DUCONFIG_NO_TRANSLITERATION=0 -DUCONFIG_NO_REGULAR_EXPRESSIONS=1 -ffunction-sections -fdata-sections  -Wl,--gc-sections conftest.cpp -lpthread -lm  >&5
configure:6904: $? = 0
configure:6913: result: yes
configure:6933: checking for popen
configure:6933: gcc -o conftest  -O2 -O3 -fno-short-wchar -DU_USING_ICU_NAMESPACE=1 -fno-short-enums -DU_HAVE_NL_LANGINFO_CODESET=0 -D__STDC_INT64__ -DU_TIMEZONE=0 -DUCONFIG_NO_LEGACY_CONVERSION=1 -DUCONFIG_NO_BREAK_ITERATION=1 -DUCONFIG_NO_COLLATION=1 -DUCONFIG_NO_FORMATTING=1 -DUCONFIG_NO_TRANSLITERATION=0 -DUCONFIG_NO_REGULAR_EXPRESSIONS=1 -ffunction-sections -fdata-sections  -Wl,--gc-sections conftest.c -lpthread -lm  >&5
configure:6933: $? = 0
configure:6933: result: yes
configure:6947: checking for tzset
configure:6947: gcc -o conftest  -O2 -O3 -fno-short-wchar -DU_USING_ICU_NAMESPACE=1 -fno-short-enums -DU_HAVE_NL_LANGINFO_CODESET=0 -D__STDC_INT64__ -DU_TIMEZONE=0 -DUCONFIG_NO_LEGACY_CONVERSION=1 -DUCONFIG_NO_BREAK_ITERATION=1 -DUCONFIG_NO_COLLATION=1 -DUCONFIG_NO_FORMATTING=1 -DUCONFIG_NO_TRANSLITERATION=0 -DUCONFIG_NO_REGULAR_EXPRESSIONS=1 -ffunction-sections -fdata-sections  -Wl,--gc-sections conftest.c -lpthread -lm  >&5
configure:6947: $? = 0
configure:6947: result: yes
configure:6975: checking for tzname
configure:6998: gcc -o conftest  -O2 -O3 -fno-short-wchar -DU_USING_ICU_NAMESPACE=1 -fno-short-enums -DU_HAVE_NL_LANGINFO_CODESET=0 -D__STDC_INT64__ -DU_TIMEZONE=0 -DUCONFIG_NO_LEGACY_CONVERSION=1 -DUCONFIG_NO_BREAK_ITERATION=1 -DUCONFIG_NO_COLLATION=1 -DUCONFIG_NO_FORMATTING=1 -DUCONFIG_NO_TRANSLITERATION=0 -DUCONFIG_NO_REGULAR_EXPRESSIONS=1 -ffunction-sections -fdata-sections  -Wl,--gc-sections conftest.c -lpthread -lm  >&5
configure:6998: $? = 0
configure:7006: result: yes
configure:7050: checking for timezone
configure:7070: gcc -o conftest  -O2 -O3 -fno-short-wchar -DU_USING_ICU_NAMESPACE=1 -fno-short-enums -DU_HAVE_NL_LANGINFO_CODESET=0 -D__STDC_INT64__ -DU_TIMEZONE=0 -DUCONFIG_NO_LEGACY_CONVERSION=1 -DUCONFIG_NO_BREAK_ITERATION=1 -DUCONFIG_NO_COLLATION=1 -DUCONFIG_NO_FORMATTING=1 -DUCONFIG_NO_TRANSLITERATION=0 -DUCONFIG_NO_REGULAR_EXPRESSIONS=1 -ffunction-sections -fdata-sections  -Wl,--gc-sections conftest.c -lpthread -lm  >&5
configure:7070: $? = 0
configure:7078: result: yes
configure:7152: checking for strtod_l
configure:7152: gcc -o conftest  -O2 -O3 -fno-short-wchar -DU_USING_ICU_NAMESPACE=1 -fno-short-enums -DU_HAVE_NL_LANGINFO_CODESET=0 -D__STDC_INT64__ -DU_TIMEZONE=0 -DUCONFIG_NO_LEGACY_CONVERSION=1 -DUCONFIG_NO_BREAK_ITERATION=1 -DUCONFIG_NO_COLLATION=1 -DUCONFIG_NO_FORMATTING=1 -DUCONFIG_NO_TRANSLITERATION=0 -DUCONFIG_NO_REGULAR_EXPRESSIONS=1 -ffunction-sections -fdata-sections  -Wl,--gc-sections conftest.c -lpthread -lm  >&5
configure:7152: $? = 0
configure:7152: result: yes
configure:7160: checking xlocale.h usability
configure:7160: gcc -c  -O2 -O3 -fno-short-wchar -DU_USING_ICU_NAMESPACE=1 -fno-short-enums -DU_HAVE_NL_LANGINFO_CODESET=0 -D__STDC_INT64__ -DU_TIMEZONE=0 -DUCONFIG_NO_LEGACY_CONVERSION=1 -DUCONFIG_NO_BREAK_ITERATION=1 -DUCONFIG_NO_COLLATION=1 -DUCONFIG_NO_FORMATTING=1 -DUCONFIG_NO_TRANSLITERATION=0 -DUCONFIG_NO_REGULAR_EXPRESSIONS=1 -ffunction-sections -fdata-sections conftest.c >&5
conftest.c:59:10: fatal error: xlocale.h: No such file or directory
 #include <xlocale.h>
          ^~~~~~~~~~~
compilation terminated.
configure:7160: $? = 1
configure: failed program was:
| /* confdefs.h */
| #define PACKAGE_NAME "ICU"
| #define PACKAGE_TARNAME "International Components for Unicode"
| #define PACKAGE_VERSION "65.1"
| #define PACKAGE_STRING "ICU 65.1"
| #define PACKAGE_BUGREPORT "http://icu-project.org/bugs"
| #define PACKAGE_URL "http://icu-project.org"
| #define STDC_HEADERS 1
| #define HAVE_SYS_TYPES_H 1
| #define HAVE_SYS_STAT_H 1
| #define HAVE_STDLIB_H 1
| #define HAVE_STRING_H 1
| #define HAVE_MEMORY_H 1
| #define HAVE_STRINGS_H 1
| #define HAVE_INTTYPES_H 1
| #define HAVE_STDINT_H 1
| #define HAVE_UNISTD_H 1
| #define SIZEOF_VOID_P 8
| #define HAVE_LIBM 1
| #define HAVE_ELF_H 1
| #define HAVE_GETTIMEOFDAY 1
| #define HAVE_LIBPTHREAD 1
| #define HAVE_INTTYPES_H 1
| #define HAVE_DIRENT_H 1
| /* end confdefs.h.  */
| #include <stdio.h>
| #ifdef HAVE_SYS_TYPES_H
| # include <sys/types.h>
| #endif
| #ifdef HAVE_SYS_STAT_H
| # include <sys/stat.h>
| #endif
| #ifdef STDC_HEADERS
| # include <stdlib.h>
| # include <stddef.h>
| #else
| # ifdef HAVE_STDLIB_H
| #  include <stdlib.h>
| # endif
| #endif
| #ifdef HAVE_STRING_H
| # if !defined STDC_HEADERS && defined HAVE_MEMORY_H
| #  include <memory.h>
| # endif
| # include <string.h>
| #endif
| #ifdef HAVE_STRINGS_H
| # include <strings.h>
| #endif
| #ifdef HAVE_INTTYPES_H
| # include <inttypes.h>
| #endif
| #ifdef HAVE_STDINT_H
| # include <stdint.h>
| #endif
| #ifdef HAVE_UNISTD_H
| # include <unistd.h>
| #endif
| #include <xlocale.h>
configure:7160: result: no
configure:7160: checking xlocale.h presence
configure:7160: gcc -E -O3 -fno-short-wchar -DU_USING_ICU_NAMESPACE=1 -fno-short-enums -DU_HAVE_NL_LANGINFO_CODESET=0 -D__STDC_INT64__ -DU_TIMEZONE=0 -DUCONFIG_NO_LEGACY_CONVERSION=1 -DUCONFIG_NO_BREAK_ITERATION=1 -DUCONFIG_NO_COLLATION=1 -DUCONFIG_NO_FORMATTING=1 -DUCONFIG_NO_TRANSLITERATION=0 -DUCONFIG_NO_REGULAR_EXPRESSIONS=1 -ffunction-sections -fdata-sections conftest.c
conftest.c:26:10: fatal error: xlocale.h: No such file or directory
 #include <xlocale.h>
          ^~~~~~~~~~~
compilation terminated.
configure:7160: $? = 1
configure: failed program was:
| /* confdefs.h */
| #define PACKAGE_NAME "ICU"
| #define PACKAGE_TARNAME "International Components for Unicode"
| #define PACKAGE_VERSION "65.1"
| #define PACKAGE_STRING "ICU 65.1"
| #define PACKAGE_BUGREPORT "http://icu-project.org/bugs"
| #define PACKAGE_URL "http://icu-project.org"
| #define STDC_HEADERS 1
| #define HAVE_SYS_TYPES_H 1
| #define HAVE_SYS_STAT_H 1
| #define HAVE_STDLIB_H 1
| #define HAVE_STRING_H 1
| #define HAVE_MEMORY_H 1
| #define HAVE_STRINGS_H 1
| #define HAVE_INTTYPES_H 1
| #define HAVE_STDINT_H 1
| #define HAVE_UNISTD_H 1
| #define SIZEOF_VOID_P 8
| #define HAVE_LIBM 1
| #define HAVE_ELF_H 1
| #define HAVE_GETTIMEOFDAY 1
| #define HAVE_LIBPTHREAD 1
| #define HAVE_INTTYPES_H 1
| #define HAVE_DIRENT_H 1
| /* end confdefs.h.  */
| #include <xlocale.h>
configure:7160: result: no
configure:7160: checking for xlocale.h
configure:7160: result: no
configure:7186: checking for std::string_view
configure:7186: g++ -c  -O2 -std=c++11 -O3 -fno-short-wchar -DU_USING_ICU_NAMESPACE=1 -fno-short-enums -DU_HAVE_NL_LANGINFO_CODESET=0 -D__STDC_INT64__ -DU_TIMEZONE=0 -DUCONFIG_NO_LEGACY_CONVERSION=1 -DUCONFIG_NO_BREAK_ITERATION=1 -DUCONFIG_NO_COLLATION=1 -DUCONFIG_NO_FORMATTING=1 -DUCONFIG_NO_TRANSLITERATION=0 -DUCONFIG_NO_REGULAR_EXPRESSIONS=1 -ffunction-sections -fdata-sections conftest.cpp >&5
conftest.cpp: In function 'int main()':
conftest.cpp:31:18: error: 'string_view' is not a member of 'std'
 if (sizeof (std::string_view))
                  ^~~~~~~~~~~
conftest.cpp:31:18: note: 'std::string_view' is only available from C++17 onwards
configure:7186: $? = 1
configure: failed program was:
| /* confdefs.h */
| #define PACKAGE_NAME "ICU"
| #define PACKAGE_TARNAME "International Components for Unicode"
| #define PACKAGE_VERSION "65.1"
| #define PACKAGE_STRING "ICU 65.1"
| #define PACKAGE_BUGREPORT "http://icu-project.org/bugs"
| #define PACKAGE_URL "http://icu-project.org"
| #define STDC_HEADERS 1
| #define HAVE_SYS_TYPES_H 1
| #define HAVE_SYS_STAT_H 1
| #define HAVE_STDLIB_H 1
| #define HAVE_STRING_H 1
| #define HAVE_MEMORY_H 1
| #define HAVE_STRINGS_H 1
| #define HAVE_INTTYPES_H 1
| #define HAVE_STDINT_H 1
| #define HAVE_UNISTD_H 1
| #define SIZEOF_VOID_P 8
| #define HAVE_LIBM 1
| #define HAVE_ELF_H 1
| #define HAVE_GETTIMEOFDAY 1
| #define HAVE_LIBPTHREAD 1
| #define HAVE_INTTYPES_H 1
| #define HAVE_DIRENT_H 1
| /* end confdefs.h.  */
| #include <string_view>
| 
| int
| main ()
| {
| if (sizeof (std::string_view))
| 	 return 0;
|   ;
|   return 0;
| }
configure:7186: result: no
configure:7203: checking for int8_t
configure:7203: gcc -c  -O2 -O3 -fno-short-wchar -DU_USING_ICU_NAMESPACE=1 -fno-short-enums -DU_HAVE_NL_LANGINFO_CODESET=0 -D__STDC_INT64__ -DU_TIMEZONE=0 -DUCONFIG_NO_LEGACY_CONVERSION=1 -DUCONFIG_NO_BREAK_ITERATION=1 -DUCONFIG_NO_COLLATION=1 -DUCONFIG_NO_FORMATTING=1 -DUCONFIG_NO_TRANSLITERATION=0 -DUCONFIG_NO_REGULAR_EXPRESSIONS=1 -ffunction-sections -fdata-sections conftest.c >&5
configure:7203: $? = 0
configure:7203: gcc -c  -O2 -O3 -fno-short-wchar -DU_USING_ICU_NAMESPACE=1 -fno-short-enums -DU_HAVE_NL_LANGINFO_CODESET=0 -D__STDC_INT64__ -DU_TIMEZONE=0 -DUCONFIG_NO_LEGACY_CONVERSION=1 -DUCONFIG_NO_BREAK_ITERATION=1 -DUCONFIG_NO_COLLATION=1 -DUCONFIG_NO_FORMATTING=1 -DUCONFIG_NO_TRANSLITERATION=0 -DUCONFIG_NO_REGULAR_EXPRESSIONS=1 -ffunction-sections -fdata-sections conftest.c >&5
conftest.c: In function 'main':
conftest.c:62:21: error: expected expression before ')' token
 if (sizeof ((int8_t)))
                     ^
configure:7203: $? = 1
configure: failed program was:
| /* confdefs.h */
| #define PACKAGE_NAME "ICU"
| #define PACKAGE_TARNAME "International Components for Unicode"
| #define PACKAGE_VERSION "65.1"
| #define PACKAGE_STRING "ICU 65.1"
| #define PACKAGE_BUGREPORT "http://icu-project.org/bugs"
| #define PACKAGE_URL "http://icu-project.org"
| #define STDC_HEADERS 1
| #define HAVE_SYS_TYPES_H 1
| #define HAVE_SYS_STAT_H 1
| #define HAVE_STDLIB_H 1
| #define HAVE_STRING_H 1
| #define HAVE_MEMORY_H 1
| #define HAVE_STRINGS_H 1
| #define HAVE_INTTYPES_H 1
| #define HAVE_STDINT_H 1
| #define HAVE_UNISTD_H 1
| #define SIZEOF_VOID_P 8
| #define HAVE_LIBM 1
| #define HAVE_ELF_H 1
| #define HAVE_GETTIMEOFDAY 1
| #define HAVE_LIBPTHREAD 1
| #define HAVE_INTTYPES_H 1
| #define HAVE_DIRENT_H 1
| /* end confdefs.h.  */
| #include <stdio.h>
| #ifdef HAVE_SYS_TYPES_H
| # include <sys/types.h>
| #endif
| #ifdef HAVE_SYS_STAT_H
| # include <sys/stat.h>
| #endif
| #ifdef STDC_HEADERS
| # include <stdlib.h>
| # include <stddef.h>
| #else
| # ifdef HAVE_STDLIB_H
| #  include <stdlib.h>
| # endif
| #endif
| #ifdef HAVE_STRING_H
| # if !defined STDC_HEADERS && defined HAVE_MEMORY_H
| #  include <memory.h>
| # endif
| # include <string.h>
| #endif
| #ifdef HAVE_STRINGS_H
| # include <strings.h>
| #endif
| #ifdef HAVE_INTTYPES_H
| # include <inttypes.h>
| #endif
| #ifdef HAVE_STDINT_H
| # include <stdint.h>
| #endif
| #ifdef HAVE_UNISTD_H
| # include <unistd.h>
| #endif
| int
| main ()
| {
| if (sizeof ((int8_t)))
| 	    return 0;
|   ;
|   return 0;
| }
configure:7203: result: yes
configure:7214: checking for uint8_t
configure:7214: gcc -c  -O2 -O3 -fno-short-wchar -DU_USING_ICU_NAMESPACE=1 -fno-short-enums -DU_HAVE_NL_LANGINFO_CODESET=0 -D__STDC_INT64__ -DU_TIMEZONE=0 -DUCONFIG_NO_LEGACY_CONVERSION=1 -DUCONFIG_NO_BREAK_ITERATION=1 -DUCONFIG_NO_COLLATION=1 -DUCONFIG_NO_FORMATTING=1 -DUCONFIG_NO_TRANSLITERATION=0 -DUCONFIG_NO_REGULAR_EXPRESSIONS=1 -ffunction-sections -fdata-sections conftest.c >&5
configure:7214: $? = 0
configure:7214: gcc -c  -O2 -O3 -fno-short-wchar -DU_USING_ICU_NAMESPACE=1 -fno-short-enums -DU_HAVE_NL_LANGINFO_CODESET=0 -D__STDC_INT64__ -DU_TIMEZONE=0 -DUCONFIG_NO_LEGACY_CONVERSION=1 -DUCONFIG_NO_BREAK_ITERATION=1 -DUCONFIG_NO_COLLATION=1 -DUCONFIG_NO_FORMATTING=1 -DUCONFIG_NO_TRANSLITERATION=0 -DUCONFIG_NO_REGULAR_EXPRESSIONS=1 -ffunction-sections -fdata-sections conftest.c >&5
conftest.c: In function 'main':
conftest.c:62:22: error: expected expression before ')' token
 if (sizeof ((uint8_t)))
                      ^
configure:7214: $? = 1
configure: failed program was:
| /* confdefs.h */
| #define PACKAGE_NAME "ICU"
| #define PACKAGE_TARNAME "International Components for Unicode"
| #define PACKAGE_VERSION "65.1"
| #define PACKAGE_STRING "ICU 65.1"
| #define PACKAGE_BUGREPORT "http://icu-project.org/bugs"
| #define PACKAGE_URL "http://icu-project.org"
| #define STDC_HEADERS 1
| #define HAVE_SYS_TYPES_H 1
| #define HAVE_SYS_STAT_H 1
| #define HAVE_STDLIB_H 1
| #define HAVE_STRING_H 1
| #define HAVE_MEMORY_H 1
| #define HAVE_STRINGS_H 1
| #define HAVE_INTTYPES_H 1
| #define HAVE_STDINT_H 1
| #define HAVE_UNISTD_H 1
| #define SIZEOF_VOID_P 8
| #define HAVE_LIBM 1
| #define HAVE_ELF_H 1
| #define HAVE_GETTIMEOFDAY 1
| #define HAVE_LIBPTHREAD 1
| #define HAVE_INTTYPES_H 1
| #define HAVE_DIRENT_H 1
| /* end confdefs.h.  */
| #include <stdio.h>
| #ifdef HAVE_SYS_TYPES_H
| # include <sys/types.h>
| #endif
| #ifdef HAVE_SYS_STAT_H
| # include <sys/stat.h>
| #endif
| #ifdef STDC_HEADERS
| # include <stdlib.h>
| # include <stddef.h>
| #else
| # ifdef HAVE_STDLIB_H
| #  include <stdlib.h>
| # endif
| #endif
| #ifdef HAVE_STRING_H
| # if !defined STDC_HEADERS && defined HAVE_MEMORY_H
| #  include <memory.h>
| # endif
| # include <string.h>
| #endif
| #ifdef HAVE_STRINGS_H
| # include <strings.h>
| #endif
| #ifdef HAVE_INTTYPES_H
| # include <inttypes.h>
| #endif
| #ifdef HAVE_STDINT_H
| # include <stdint.h>
| #endif
| #ifdef HAVE_UNISTD_H
| # include <unistd.h>
| #endif
| int
| main ()
| {
| if (sizeof ((uint8_t)))
| 	    return 0;
|   ;
|   return 0;
| }
configure:7214: result: yes
configure:7225: checking for int16_t
configure:7225: gcc -c  -O2 -O3 -fno-short-wchar -DU_USING_ICU_NAMESPACE=1 -fno-short-enums -DU_HAVE_NL_LANGINFO_CODESET=0 -D__STDC_INT64__ -DU_TIMEZONE=0 -DUCONFIG_NO_LEGACY_CONVERSION=1 -DUCONFIG_NO_BREAK_ITERATION=1 -DUCONFIG_NO_COLLATION=1 -DUCONFIG_NO_FORMATTING=1 -DUCONFIG_NO_TRANSLITERATION=0 -DUCONFIG_NO_REGULAR_EXPRESSIONS=1 -ffunction-sections -fdata-sections conftest.c >&5
configure:7225: $? = 0
configure:7225: gcc -c  -O2 -O3 -fno-short-wchar -DU_USING_ICU_NAMESPACE=1 -fno-short-enums -DU_HAVE_NL_LANGINFO_CODESET=0 -D__STDC_INT64__ -DU_TIMEZONE=0 -DUCONFIG_NO_LEGACY_CONVERSION=1 -DUCONFIG_NO_BREAK_ITERATION=1 -DUCONFIG_NO_COLLATION=1 -DUCONFIG_NO_FORMATTING=1 -DUCONFIG_NO_TRANSLITERATION=0 -DUCONFIG_NO_REGULAR_EXPRESSIONS=1 -ffunction-sections -fdata-sections conftest.c >&5
conftest.c: In function 'main':
conftest.c:62:22: error: expected expression before ')' token
 if (sizeof ((int16_t)))
                      ^
configure:7225: $? = 1
configure: failed program was:
| /* confdefs.h */
| #define PACKAGE_NAME "ICU"
| #define PACKAGE_TARNAME "International Components for Unicode"
| #define PACKAGE_VERSION "65.1"
| #define PACKAGE_STRING "ICU 65.1"
| #define PACKAGE_BUGREPORT "http://icu-project.org/bugs"
| #define PACKAGE_URL "http://icu-project.org"
| #define STDC_HEADERS 1
| #define HAVE_SYS_TYPES_H 1
| #define HAVE_SYS_STAT_H 1
| #define HAVE_STDLIB_H 1
| #define HAVE_STRING_H 1
| #define HAVE_MEMORY_H 1
| #define HAVE_STRINGS_H 1
| #define HAVE_INTTYPES_H 1
| #define HAVE_STDINT_H 1
| #define HAVE_UNISTD_H 1
| #define SIZEOF_VOID_P 8
| #define HAVE_LIBM 1
| #define HAVE_ELF_H 1
| #define HAVE_GETTIMEOFDAY 1
| #define HAVE_LIBPTHREAD 1
| #define HAVE_INTTYPES_H 1
| #define HAVE_DIRENT_H 1
| /* end confdefs.h.  */
| #include <stdio.h>
| #ifdef HAVE_SYS_TYPES_H
| # include <sys/types.h>
| #endif
| #ifdef HAVE_SYS_STAT_H
| # include <sys/stat.h>
| #endif
| #ifdef STDC_HEADERS
| # include <stdlib.h>
| # include <stddef.h>
| #else
| # ifdef HAVE_STDLIB_H
| #  include <stdlib.h>
| # endif
| #endif
| #ifdef HAVE_STRING_H
| # if !defined STDC_HEADERS && defined HAVE_MEMORY_H
| #  include <memory.h>
| # endif
| # include <string.h>
| #endif
| #ifdef HAVE_STRINGS_H
| # include <strings.h>
| #endif
| #ifdef HAVE_INTTYPES_H
| # include <inttypes.h>
| #endif
| #ifdef HAVE_STDINT_H
| # include <stdint.h>
| #endif
| #ifdef HAVE_UNISTD_H
| # include <unistd.h>
| #endif
| int
| main ()
| {
| if (sizeof ((int16_t)))
| 	    return 0;
|   ;
|   return 0;
| }
configure:7225: result: yes
configure:7236: checking for uint16_t
configure:7236: gcc -c  -O2 -O3 -fno-short-wchar -DU_USING_ICU_NAMESPACE=1 -fno-short-enums -DU_HAVE_NL_LANGINFO_CODESET=0 -D__STDC_INT64__ -DU_TIMEZONE=0 -DUCONFIG_NO_LEGACY_CONVERSION=1 -DUCONFIG_NO_BREAK_ITERATION=1 -DUCONFIG_NO_COLLATION=1 -DUCONFIG_NO_FORMATTING=1 -DUCONFIG_NO_TRANSLITERATION=0 -DUCONFIG_NO_REGULAR_EXPRESSIONS=1 -ffunction-sections -fdata-sections conftest.c >&5
configure:7236: $? = 0
configure:7236: gcc -c  -O2 -O3 -fno-short-wchar -DU_USING_ICU_NAMESPACE=1 -fno-short-enums -DU_HAVE_NL_LANGINFO_CODESET=0 -D__STDC_INT64__ -DU_TIMEZONE=0 -DUCONFIG_NO_LEGACY_CONVERSION=1 -DUCONFIG_NO_BREAK_ITERATION=1 -DUCONFIG_NO_COLLATION=1 -DUCONFIG_NO_FORMATTING=1 -DUCONFIG_NO_TRANSLITERATION=0 -DUCONFIG_NO_REGULAR_EXPRESSIONS=1 -ffunction-sections -fdata-sections conftest.c >&5
conftest.c: In function 'main':
conftest.c:62:23: error: expected expression before ')' token
 if (sizeof ((uint16_t)))
                       ^
configure:7236: $? = 1
configure: failed program was:
| /* confdefs.h */
| #define PACKAGE_NAME "ICU"
| #define PACKAGE_TARNAME "International Components for Unicode"
| #define PACKAGE_VERSION "65.1"
| #define PACKAGE_STRING "ICU 65.1"
| #define PACKAGE_BUGREPORT "http://icu-project.org/bugs"
| #define PACKAGE_URL "http://icu-project.org"
| #define STDC_HEADERS 1
| #define HAVE_SYS_TYPES_H 1
| #define HAVE_SYS_STAT_H 1
| #define HAVE_STDLIB_H 1
| #define HAVE_STRING_H 1
| #define HAVE_MEMORY_H 1
| #define HAVE_STRINGS_H 1
| #define HAVE_INTTYPES_H 1
| #define HAVE_STDINT_H 1
| #define HAVE_UNISTD_H 1
| #define SIZEOF_VOID_P 8
| #define HAVE_LIBM 1
| #define HAVE_ELF_H 1
| #define HAVE_GETTIMEOFDAY 1
| #define HAVE_LIBPTHREAD 1
| #define HAVE_INTTYPES_H 1
| #define HAVE_DIRENT_H 1
| /* end confdefs.h.  */
| #include <stdio.h>
| #ifdef HAVE_SYS_TYPES_H
| # include <sys/types.h>
| #endif
| #ifdef HAVE_SYS_STAT_H
| # include <sys/stat.h>
| #endif
| #ifdef STDC_HEADERS
| # include <stdlib.h>
| # include <stddef.h>
| #else
| # ifdef HAVE_STDLIB_H
| #  include <stdlib.h>
| # endif
| #endif
| #ifdef HAVE_STRING_H
| # if !defined STDC_HEADERS && defined HAVE_MEMORY_H
| #  include <memory.h>
| # endif
| # include <string.h>
| #endif
| #ifdef HAVE_STRINGS_H
| # include <strings.h>
| #endif
| #ifdef HAVE_INTTYPES_H
| # include <inttypes.h>
| #endif
| #ifdef HAVE_STDINT_H
| # include <stdint.h>
| #endif
| #ifdef HAVE_UNISTD_H
| # include <unistd.h>
| #endif
| int
| main ()
| {
| if (sizeof ((uint16_t)))
| 	    return 0;
|   ;
|   return 0;
| }
configure:7236: result: yes
configure:7247: checking for int32_t
configure:7247: gcc -c  -O2 -O3 -fno-short-wchar -DU_USING_ICU_NAMESPACE=1 -fno-short-enums -DU_HAVE_NL_LANGINFO_CODESET=0 -D__STDC_INT64__ -DU_TIMEZONE=0 -DUCONFIG_NO_LEGACY_CONVERSION=1 -DUCONFIG_NO_BREAK_ITERATION=1 -DUCONFIG_NO_COLLATION=1 -DUCONFIG_NO_FORMATTING=1 -DUCONFIG_NO_TRANSLITERATION=0 -DUCONFIG_NO_REGULAR_EXPRESSIONS=1 -ffunction-sections -fdata-sections conftest.c >&5
configure:7247: $? = 0
configure:7247: gcc -c  -O2 -O3 -fno-short-wchar -DU_USING_ICU_NAMESPACE=1 -fno-short-enums -DU_HAVE_NL_LANGINFO_CODESET=0 -D__STDC_INT64__ -DU_TIMEZONE=0 -DUCONFIG_NO_LEGACY_CONVERSION=1 -DUCONFIG_NO_BREAK_ITERATION=1 -DUCONFIG_NO_COLLATION=1 -DUCONFIG_NO_FORMATTING=1 -DUCONFIG_NO_TRANSLITERATION=0 -DUCONFIG_NO_REGULAR_EXPRESSIONS=1 -ffunction-sections -fdata-sections conftest.c >&5
conftest.c: In function 'main':
conftest.c:62:22: error: expected expression before ')' token
 if (sizeof ((int32_t)))
                      ^
configure:7247: $? = 1
configure: failed program was:
| /* confdefs.h */
| #define PACKAGE_NAME "ICU"
| #define PACKAGE_TARNAME "International Components for Unicode"
| #define PACKAGE_VERSION "65.1"
| #define PACKAGE_STRING "ICU 65.1"
| #define PACKAGE_BUGREPORT "http://icu-project.org/bugs"
| #define PACKAGE_URL "http://icu-project.org"
| #define STDC_HEADERS 1
| #define HAVE_SYS_TYPES_H 1
| #define HAVE_SYS_STAT_H 1
| #define HAVE_STDLIB_H 1
| #define HAVE_STRING_H 1
| #define HAVE_MEMORY_H 1
| #define HAVE_STRINGS_H 1
| #define HAVE_INTTYPES_H 1
| #define HAVE_STDINT_H 1
| #define HAVE_UNISTD_H 1
| #define SIZEOF_VOID_P 8
| #define HAVE_LIBM 1
| #define HAVE_ELF_H 1
| #define HAVE_GETTIMEOFDAY 1
| #define HAVE_LIBPTHREAD 1
| #define HAVE_INTTYPES_H 1
| #define HAVE_DIRENT_H 1
| /* end confdefs.h.  */
| #include <stdio.h>
| #ifdef HAVE_SYS_TYPES_H
| # include <sys/types.h>
| #endif
| #ifdef HAVE_SYS_STAT_H
| # include <sys/stat.h>
| #endif
| #ifdef STDC_HEADERS
| # include <stdlib.h>
| # include <stddef.h>
| #else
| # ifdef HAVE_STDLIB_H
| #  include <stdlib.h>
| # endif
| #endif
| #ifdef HAVE_STRING_H
| # if !defined STDC_HEADERS && defined HAVE_MEMORY_H
| #  include <memory.h>
| # endif
| # include <string.h>
| #endif
| #ifdef HAVE_STRINGS_H
| # include <strings.h>
| #endif
| #ifdef HAVE_INTTYPES_H
| # include <inttypes.h>
| #endif
| #ifdef HAVE_STDINT_H
| # include <stdint.h>
| #endif
| #ifdef HAVE_UNISTD_H
| # include <unistd.h>
| #endif
| int
| main ()
| {
| if (sizeof ((int32_t)))
| 	    return 0;
|   ;
|   return 0;
| }
configure:7247: result: yes
configure:7258: checking for uint32_t
configure:7258: gcc -c  -O2 -O3 -fno-short-wchar -DU_USING_ICU_NAMESPACE=1 -fno-short-enums -DU_HAVE_NL_LANGINFO_CODESET=0 -D__STDC_INT64__ -DU_TIMEZONE=0 -DUCONFIG_NO_LEGACY_CONVERSION=1 -DUCONFIG_NO_BREAK_ITERATION=1 -DUCONFIG_NO_COLLATION=1 -DUCONFIG_NO_FORMATTING=1 -DUCONFIG_NO_TRANSLITERATION=0 -DUCONFIG_NO_REGULAR_EXPRESSIONS=1 -ffunction-sections -fdata-sections conftest.c >&5
configure:7258: $? = 0
configure:7258: gcc -c  -O2 -O3 -fno-short-wchar -DU_USING_ICU_NAMESPACE=1 -fno-short-enums -DU_HAVE_NL_LANGINFO_CODESET=0 -D__STDC_INT64__ -DU_TIMEZONE=0 -DUCONFIG_NO_LEGACY_CONVERSION=1 -DUCONFIG_NO_BREAK_ITERATION=1 -DUCONFIG_NO_COLLATION=1 -DUCONFIG_NO_FORMATTING=1 -DUCONFIG_NO_TRANSLITERATION=0 -DUCONFIG_NO_REGULAR_EXPRESSIONS=1 -ffunction-sections -fdata-sections conftest.c >&5
conftest.c: In function 'main':
conftest.c:62:23: error: expected expression before ')' token
 if (sizeof ((uint32_t)))
                       ^
configure:7258: $? = 1
configure: failed program was:
| /* confdefs.h */
| #define PACKAGE_NAME "ICU"
| #define PACKAGE_TARNAME "International Components for Unicode"
| #define PACKAGE_VERSION "65.1"
| #define PACKAGE_STRING "ICU 65.1"
| #define PACKAGE_BUGREPORT "http://icu-project.org/bugs"
| #define PACKAGE_URL "http://icu-project.org"
| #define STDC_HEADERS 1
| #define HAVE_SYS_TYPES_H 1
| #define HAVE_SYS_STAT_H 1
| #define HAVE_STDLIB_H 1
| #define HAVE_STRING_H 1
| #define HAVE_MEMORY_H 1
| #define HAVE_STRINGS_H 1
| #define HAVE_INTTYPES_H 1
| #define HAVE_STDINT_H 1
| #define HAVE_UNISTD_H 1
| #define SIZEOF_VOID_P 8
| #define HAVE_LIBM 1
| #define HAVE_ELF_H 1
| #define HAVE_GETTIMEOFDAY 1
| #define HAVE_LIBPTHREAD 1
| #define HAVE_INTTYPES_H 1
| #define HAVE_DIRENT_H 1
| /* end confdefs.h.  */
| #include <stdio.h>
| #ifdef HAVE_SYS_TYPES_H
| # include <sys/types.h>
| #endif
| #ifdef HAVE_SYS_STAT_H
| # include <sys/stat.h>
| #endif
| #ifdef STDC_HEADERS
| # include <stdlib.h>
| # include <stddef.h>
| #else
| # ifdef HAVE_STDLIB_H
| #  include <stdlib.h>
| # endif
| #endif
| #ifdef HAVE_STRING_H
| # if !defined STDC_HEADERS && defined HAVE_MEMORY_H
| #  include <memory.h>
| # endif
| # include <string.h>
| #endif
| #ifdef HAVE_STRINGS_H
| # include <strings.h>
| #endif
| #ifdef HAVE_INTTYPES_H
| # include <inttypes.h>
| #endif
| #ifdef HAVE_STDINT_H
| # include <stdint.h>
| #endif
| #ifdef HAVE_UNISTD_H
| # include <unistd.h>
| #endif
| int
| main ()
| {
| if (sizeof ((uint32_t)))
| 	    return 0;
|   ;
|   return 0;
| }
configure:7258: result: yes
configure:7269: checking for int64_t
configure:7269: gcc -c  -O2 -O3 -fno-short-wchar -DU_USING_ICU_NAMESPACE=1 -fno-short-enums -DU_HAVE_NL_LANGINFO_CODESET=0 -D__STDC_INT64__ -DU_TIMEZONE=0 -DUCONFIG_NO_LEGACY_CONVERSION=1 -DUCONFIG_NO_BREAK_ITERATION=1 -DUCONFIG_NO_COLLATION=1 -DUCONFIG_NO_FORMATTING=1 -DUCONFIG_NO_TRANSLITERATION=0 -DUCONFIG_NO_REGULAR_EXPRESSIONS=1 -ffunction-sections -fdata-sections conftest.c >&5
configure:7269: $? = 0
configure:7269: gcc -c  -O2 -O3 -fno-short-wchar -DU_USING_ICU_NAMESPACE=1 -fno-short-enums -DU_HAVE_NL_LANGINFO_CODESET=0 -D__STDC_INT64__ -DU_TIMEZONE=0 -DUCONFIG_NO_LEGACY_CONVERSION=1 -DUCONFIG_NO_BREAK_ITERATION=1 -DUCONFIG_NO_COLLATION=1 -DUCONFIG_NO_FORMATTING=1 -DUCONFIG_NO_TRANSLITERATION=0 -DUCONFIG_NO_REGULAR_EXPRESSIONS=1 -ffunction-sections -fdata-sections conftest.c >&5
conftest.c: In function 'main':
conftest.c:62:22: error: expected expression before ')' token
 if (sizeof ((int64_t)))
                      ^
configure:7269: $? = 1
configure: failed program was:
| /* confdefs.h */
| #define PACKAGE_NAME "ICU"
| #define PACKAGE_TARNAME "International Components for Unicode"
| #define PACKAGE_VERSION "65.1"
| #define PACKAGE_STRING "ICU 65.1"
| #define PACKAGE_BUGREPORT "http://icu-project.org/bugs"
| #define PACKAGE_URL "http://icu-project.org"
| #define STDC_HEADERS 1
| #define HAVE_SYS_TYPES_H 1
| #define HAVE_SYS_STAT_H 1
| #define HAVE_STDLIB_H 1
| #define HAVE_STRING_H 1
| #define HAVE_MEMORY_H 1
| #define HAVE_STRINGS_H 1
| #define HAVE_INTTYPES_H 1
| #define HAVE_STDINT_H 1
| #define HAVE_UNISTD_H 1
| #define SIZEOF_VOID_P 8
| #define HAVE_LIBM 1
| #define HAVE_ELF_H 1
| #define HAVE_GETTIMEOFDAY 1
| #define HAVE_LIBPTHREAD 1
| #define HAVE_INTTYPES_H 1
| #define HAVE_DIRENT_H 1
| /* end confdefs.h.  */
| #include <stdio.h>
| #ifdef HAVE_SYS_TYPES_H
| # include <sys/types.h>
| #endif
| #ifdef HAVE_SYS_STAT_H
| # include <sys/stat.h>
| #endif
| #ifdef STDC_HEADERS
| # include <stdlib.h>
| # include <stddef.h>
| #else
| # ifdef HAVE_STDLIB_H
| #  include <stdlib.h>
| # endif
| #endif
| #ifdef HAVE_STRING_H
| # if !defined STDC_HEADERS && defined HAVE_MEMORY_H
| #  include <memory.h>
| # endif
| # include <string.h>
| #endif
| #ifdef HAVE_STRINGS_H
| # include <strings.h>
| #endif
| #ifdef HAVE_INTTYPES_H
| # include <inttypes.h>
| #endif
| #ifdef HAVE_STDINT_H
| # include <stdint.h>
| #endif
| #ifdef HAVE_UNISTD_H
| # include <unistd.h>
| #endif
| int
| main ()
| {
| if (sizeof ((int64_t)))
| 	    return 0;
|   ;
|   return 0;
| }
configure:7269: result: yes
configure:7280: checking for uint64_t
configure:7280: gcc -c  -O2 -O3 -fno-short-wchar -DU_USING_ICU_NAMESPACE=1 -fno-short-enums -DU_HAVE_NL_LANGINFO_CODESET=0 -D__STDC_INT64__ -DU_TIMEZONE=0 -DUCONFIG_NO_LEGACY_CONVERSION=1 -DUCONFIG_NO_BREAK_ITERATION=1 -DUCONFIG_NO_COLLATION=1 -DUCONFIG_NO_FORMATTING=1 -DUCONFIG_NO_TRANSLITERATION=0 -DUCONFIG_NO_REGULAR_EXPRESSIONS=1 -ffunction-sections -fdata-sections conftest.c >&5
configure:7280: $? = 0
configure:7280: gcc -c  -O2 -O3 -fno-short-wchar -DU_USING_ICU_NAMESPACE=1 -fno-short-enums -DU_HAVE_NL_LANGINFO_CODESET=0 -D__STDC_INT64__ -DU_TIMEZONE=0 -DUCONFIG_NO_LEGACY_CONVERSION=1 -DUCONFIG_NO_BREAK_ITERATION=1 -DUCONFIG_NO_COLLATION=1 -DUCONFIG_NO_FORMATTING=1 -DUCONFIG_NO_TRANSLITERATION=0 -DUCONFIG_NO_REGULAR_EXPRESSIONS=1 -ffunction-sections -fdata-sections conftest.c >&5
conftest.c: In function 'main':
conftest.c:62:23: error: expected expression before ')' token
 if (sizeof ((uint64_t)))
                       ^
configure:7280: $? = 1
configure: failed program was:
| /* confdefs.h */
| #define PACKAGE_NAME "ICU"
| #define PACKAGE_TARNAME "International Components for Unicode"
| #define PACKAGE_VERSION "65.1"
| #define PACKAGE_STRING "ICU 65.1"
| #define PACKAGE_BUGREPORT "http://icu-project.org/bugs"
| #define PACKAGE_URL "http://icu-project.org"
| #define STDC_HEADERS 1
| #define HAVE_SYS_TYPES_H 1
| #define HAVE_SYS_STAT_H 1
| #define HAVE_STDLIB_H 1
| #define HAVE_STRING_H 1
| #define HAVE_MEMORY_H 1
| #define HAVE_STRINGS_H 1
| #define HAVE_INTTYPES_H 1
| #define HAVE_STDINT_H 1
| #define HAVE_UNISTD_H 1
| #define SIZEOF_VOID_P 8
| #define HAVE_LIBM 1
| #define HAVE_ELF_H 1
| #define HAVE_GETTIMEOFDAY 1
| #define HAVE_LIBPTHREAD 1
| #define HAVE_INTTYPES_H 1
| #define HAVE_DIRENT_H 1
| /* end confdefs.h.  */
| #include <stdio.h>
| #ifdef HAVE_SYS_TYPES_H
| # include <sys/types.h>
| #endif
| #ifdef HAVE_SYS_STAT_H
| # include <sys/stat.h>
| #endif
| #ifdef STDC_HEADERS
| # include <stdlib.h>
| # include <stddef.h>
| #else
| # ifdef HAVE_STDLIB_H
| #  include <stdlib.h>
| # endif
| #endif
| #ifdef HAVE_STRING_H
| # if !defined STDC_HEADERS && defined HAVE_MEMORY_H
| #  include <memory.h>
| # endif
| # include <string.h>
| #endif
| #ifdef HAVE_STRINGS_H
| # include <strings.h>
| #endif
| #ifdef HAVE_INTTYPES_H
| # include <inttypes.h>
| #endif
| #ifdef HAVE_STDINT_H
| # include <stdint.h>
| #endif
| #ifdef HAVE_UNISTD_H
| # include <unistd.h>
| #endif
| int
| main ()
| {
| if (sizeof ((uint64_t)))
| 	    return 0;
|   ;
|   return 0;
| }
configure:7280: result: yes
configure:7325: checking wchar.h usability
configure:7325: gcc -c  -O2 -O3 -fno-short-wchar -DU_USING_ICU_NAMESPACE=1 -fno-short-enums -DU_HAVE_NL_LANGINFO_CODESET=0 -D__STDC_INT64__ -DU_TIMEZONE=0 -DUCONFIG_NO_LEGACY_CONVERSION=1 -DUCONFIG_NO_BREAK_ITERATION=1 -DUCONFIG_NO_COLLATION=1 -DUCONFIG_NO_FORMATTING=1 -DUCONFIG_NO_TRANSLITERATION=0 -DUCONFIG_NO_REGULAR_EXPRESSIONS=1 -ffunction-sections -fdata-sections conftest.c >&5
configure:7325: $? = 0
configure:7325: result: yes
configure:7325: checking wchar.h presence
configure:7325: gcc -E -O3 -fno-short-wchar -DU_USING_ICU_NAMESPACE=1 -fno-short-enums -DU_HAVE_NL_LANGINFO_CODESET=0 -D__STDC_INT64__ -DU_TIMEZONE=0 -DUCONFIG_NO_LEGACY_CONVERSION=1 -DUCONFIG_NO_BREAK_ITERATION=1 -DUCONFIG_NO_COLLATION=1 -DUCONFIG_NO_FORMATTING=1 -DUCONFIG_NO_TRANSLITERATION=0 -DUCONFIG_NO_REGULAR_EXPRESSIONS=1 -ffunction-sections -fdata-sections conftest.c
configure:7325: $? = 0
configure:7325: result: yes
configure:7325: checking for wchar.h
configure:7325: result: yes
configure:7342: checking for library containing wcscpy
configure:7373: gcc -o conftest  -O2 -O3 -fno-short-wchar -DU_USING_ICU_NAMESPACE=1 -fno-short-enums -DU_HAVE_NL_LANGINFO_CODESET=0 -D__STDC_INT64__ -DU_TIMEZONE=0 -DUCONFIG_NO_LEGACY_CONVERSION=1 -DUCONFIG_NO_BREAK_ITERATION=1 -DUCONFIG_NO_COLLATION=1 -DUCONFIG_NO_FORMATTING=1 -DUCONFIG_NO_TRANSLITERATION=0 -DUCONFIG_NO_REGULAR_EXPRESSIONS=1 -ffunction-sections -fdata-sections  -Wl,--gc-sections conftest.c -lpthread -lm  >&5
configure:7373: $? = 0
configure:7390: result: none required
configure:7412: checking size of wchar_t
configure:7417: gcc -o conftest  -O2 -O3 -fno-short-wchar -DU_USING_ICU_NAMESPACE=1 -fno-short-enums -DU_HAVE_NL_LANGINFO_CODESET=0 -D__STDC_INT64__ -DU_TIMEZONE=0 -DUCONFIG_NO_LEGACY_CONVERSION=1 -DUCONFIG_NO_BREAK_ITERATION=1 -DUCONFIG_NO_COLLATION=1 -DUCONFIG_NO_FORMATTING=1 -DUCONFIG_NO_TRANSLITERATION=0 -DUCONFIG_NO_REGULAR_EXPRESSIONS=1 -ffunction-sections -fdata-sections  -Wl,--gc-sections conftest.c -lpthread -lm  >&5
configure:7417: $? = 0
configure:7417: ./conftest
configure:7417: $? = 0
configure:7440: result: 4
configure:7458: checking for UTF-16 string literal support
configure:7566: gcc -c  -O2 -O3 -fno-short-wchar -DU_USING_ICU_NAMESPACE=1 -fno-short-enums -DU_HAVE_NL_LANGINFO_CODESET=0 -D__STDC_INT64__ -DU_TIMEZONE=0 -DUCONFIG_NO_LEGACY_CONVERSION=1 -DUCONFIG_NO_BREAK_ITERATION=1 -DUCONFIG_NO_COLLATION=1 -DUCONFIG_NO_FORMATTING=1 -DUCONFIG_NO_TRANSLITERATION=0 -DUCONFIG_NO_REGULAR_EXPRESSIONS=1 -ffunction-sections -fdata-sections conftest.c >&5
configure:7566: $? = 0
configure:7597: g++ -c  -O2 -std=c++11 -O3 -fno-short-wchar -DU_USING_ICU_NAMESPACE=1 -fno-short-enums -DU_HAVE_NL_LANGINFO_CODESET=0 -D__STDC_INT64__ -DU_TIMEZONE=0 -DUCONFIG_NO_LEGACY_CONVERSION=1 -DUCONFIG_NO_BREAK_ITERATION=1 -DUCONFIG_NO_COLLATION=1 -DUCONFIG_NO_FORMATTING=1 -DUCONFIG_NO_TRANSLITERATION=0 -DUCONFIG_NO_REGULAR_EXPRESSIONS=1 -ffunction-sections -fdata-sections conftest.cpp >&5
configure:7597: $? = 0
configure:7618: result: available
configure:7815: checking for a library suffix to use
configure:7829: result: none
configure:8104: creating ./config.status

## ---------------------- ##
## Running config.status. ##
## ---------------------- ##

This file was extended by ICU config.status 65.1, which was
generated by GNU Autoconf 2.69.  Invocation command line was

  CONFIG_FILES    = 
  CONFIG_HEADERS  = 
  CONFIG_LINKS    = 
  CONFIG_COMMANDS = 
  $ ./config.status 

on c15a0ca5a632

config.status:891: creating icudefs.mk
config.status:891: creating Makefile
config.status:891: creating data/pkgdataMakefile
config.status:891: creating config/Makefile.inc
config.status:891: creating config/icu.pc
config.status:891: creating config/pkgdataMakefile
config.status:891: creating data/Makefile
config.status:891: creating stubdata/Makefile
config.status:891: creating common/Makefile
config.status:891: creating i18n/Makefile
config.status:891: creating layoutex/Makefile
config.status:891: creating io/Makefile
config.status:891: creating extra/Makefile
config.status:891: creating extra/uconv/Makefile
config.status:891: creating extra/uconv/pkgdataMakefile
config.status:891: creating extra/scrptrun/Makefile
config.status:891: creating tools/Makefile
config.status:891: creating tools/ctestfw/Makefile
config.status:891: creating tools/toolutil/Makefile
config.status:891: creating tools/makeconv/Makefile
config.status:891: creating tools/genrb/Makefile
config.status:891: creating tools/genccode/Makefile
config.status:891: creating tools/gencmn/Makefile
config.status:891: creating tools/gencnval/Makefile
config.status:891: creating tools/gendict/Makefile
config.status:891: creating tools/gentest/Makefile
config.status:891: creating tools/gennorm2/Makefile
config.status:891: creating tools/genbrk/Makefile
config.status:891: creating tools/gensprep/Makefile
config.status:891: creating tools/icuinfo/Makefile
config.status:891: creating tools/icupkg/Makefile
config.status:891: creating tools/icuswap/Makefile
config.status:891: creating tools/pkgdata/Makefile
config.status:891: creating tools/tzcode/Makefile
config.status:891: creating tools/gencfu/Makefile
config.status:891: creating tools/escapesrc/Makefile
config.status:891: creating test/Makefile
config.status:891: creating test/compat/Makefile
config.status:891: creating test/testdata/Makefile
config.status:891: creating test/testdata/pkgdataMakefile
config.status:891: creating test/hdrtst/Makefile
config.status:891: creating test/intltest/Makefile
config.status:891: creating test/cintltst/Makefile
config.status:891: creating test/iotest/Makefile
config.status:891: creating test/letest/Makefile
config.status:891: creating test/perf/Makefile
config.status:891: creating test/perf/collationperf/Makefile
config.status:891: creating test/perf/collperf/Makefile
config.status:891: creating test/perf/collperf2/Makefile
config.status:891: creating test/perf/dicttrieperf/Makefile
config.status:891: creating test/perf/ubrkperf/Makefile
config.status:891: creating test/perf/charperf/Makefile
config.status:891: creating test/perf/convperf/Makefile
config.status:891: creating test/perf/normperf/Makefile
config.status:891: creating test/perf/DateFmtPerf/Makefile
config.status:891: creating test/perf/howExpensiveIs/Makefile
config.status:891: creating test/perf/strsrchperf/Makefile
config.status:891: creating test/perf/unisetperf/Makefile
config.status:891: creating test/perf/usetperf/Makefile
config.status:891: creating test/perf/ustrperf/Makefile
config.status:891: creating test/perf/utfperf/Makefile
config.status:891: creating test/perf/utrie2perf/Makefile
config.status:891: creating test/perf/leperf/Makefile
config.status:891: creating test/fuzzer/Makefile
config.status:891: creating samples/Makefile
config.status:891: creating samples/date/Makefile
config.status:891: creating samples/cal/Makefile
config.status:891: creating samples/layout/Makefile
configure:9238: checking the version of "make"
configure:9241: result: ok

## ---------------- ##
## Cache variables. ##
## ---------------- ##

ac_cv_build=x86_64-pc-linux-gnu
ac_cv_c_bigendian=no
ac_cv_c_compiler_gnu=yes
ac_cv_cxx_compiler_gnu=yes
ac_cv_env_CCC_set=
ac_cv_env_CCC_value=
ac_cv_env_CC_set=set
ac_cv_env_CC_value=
ac_cv_env_CFLAGS_set=set
ac_cv_env_CFLAGS_value=
ac_cv_env_CPPFLAGS_set=set
ac_cv_env_CPPFLAGS_value='-O3 -fno-short-wchar -DU_USING_ICU_NAMESPACE=1 -fno-short-enums -DU_HAVE_NL_LANGINFO_CODESET=0 -D__STDC_INT64__ -DU_TIMEZONE=0 -DUCONFIG_NO_LEGACY_CONVERSION=1 -DUCONFIG_NO_BREAK_ITERATION=1 -DUCONFIG_NO_COLLATION=1 -DUCONFIG_NO_FORMATTING=1 -DUCONFIG_NO_TRANSLITERATION=0 -DUCONFIG_NO_REGULAR_EXPRESSIONS=1'
ac_cv_env_CPP_set=set
ac_cv_env_CPP_value=
ac_cv_env_CXXFLAGS_set=set
ac_cv_env_CXXFLAGS_value=
ac_cv_env_CXX_set=set
ac_cv_env_CXX_value=
ac_cv_env_ICULEHB_CFLAGS_set=
ac_cv_env_ICULEHB_CFLAGS_value=
ac_cv_env_ICULEHB_LIBS_set=
ac_cv_env_ICULEHB_LIBS_value=
ac_cv_env_LDFLAGS_set=set
ac_cv_env_LDFLAGS_value=
ac_cv_env_LIBS_set=
ac_cv_env_LIBS_value=
ac_cv_env_PKG_CONFIG_LIBDIR_set=
ac_cv_env_PKG_CONFIG_LIBDIR_value=
ac_cv_env_PKG_CONFIG_PATH_set=
ac_cv_env_PKG_CONFIG_PATH_value=
ac_cv_env_PKG_CONFIG_set=
ac_cv_env_PKG_CONFIG_value=
ac_cv_env_build_alias_set=
ac_cv_env_build_alias_value=
ac_cv_env_host_alias_set=
ac_cv_env_host_alias_value=
ac_cv_env_target_alias_set=
ac_cv_env_target_alias_value=
ac_cv_func_gettimeofday=yes
ac_cv_func_mmap_ok=yes
ac_cv_func_nl_langinfo=yes
ac_cv_func_popen=yes
ac_cv_func_strtod_l=yes
ac_cv_func_tzset=yes
ac_cv_header_dirent_h=yes
ac_cv_header_elf_h=yes
ac_cv_header_inttypes_h=yes
ac_cv_header_memory_h=yes
ac_cv_header_stdc=yes
ac_cv_header_stdint_h=yes
ac_cv_header_stdlib_h=yes
ac_cv_header_string_h=yes
ac_cv_header_strings_h=yes
ac_cv_header_sys_stat_h=yes
ac_cv_header_sys_types_h=yes
ac_cv_header_unistd_h=yes
ac_cv_header_wchar_h=yes
ac_cv_header_xlocale_h=no
ac_cv_host=x86_64-pc-linux-gnu
ac_cv_lib_m_floor=yes
ac_cv_lib_pthread_pthread_attr_init=yes
ac_cv_namespace_ok=yes
ac_cv_nl_langinfo_codeset=CODESET
ac_cv_objext=o
ac_cv_override_cxx_allocation_ok=yes
ac_cv_override_placement_new_ok=yes
ac_cv_path_EGREP='/bin/grep -E'
ac_cv_path_GREP=/bin/grep
ac_cv_path_SED=/bin/sed
ac_cv_path_ac_pt_PKG_CONFIG=/usr/bin/pkg-config
ac_cv_path_install='/usr/bin/install -c'
ac_cv_prog_CPP='gcc -E'
ac_cv_prog_PYTHON=python3
ac_cv_prog_ac_ct_AR=ar
ac_cv_prog_ac_ct_CC=gcc
ac_cv_prog_ac_ct_CXX=g++
ac_cv_prog_ac_ct_RANLIB=ranlib
ac_cv_prog_cc_c89=
ac_cv_prog_cc_g=yes
ac_cv_prog_cxx_g=yes
ac_cv_search_wcscpy='none required'
ac_cv_sizeof_void_p=8
ac_cv_sizeof_wchar_t=4
ac_cv_type_int16_t=yes
ac_cv_type_int32_t=yes
ac_cv_type_int64_t=yes
ac_cv_type_int8_t=yes
ac_cv_type_std__string_view=no
ac_cv_type_uint16_t=yes
ac_cv_type_uint32_t=yes
ac_cv_type_uint64_t=yes
ac_cv_type_uint8_t=yes
ac_cv_var_timezone=yes
ac_cv_var_tzname=yes
icu_cv_host_frag=mh-linux

## ----------------- ##
## Output variables. ##
## ----------------- ##

AR='ar'
ARFLAGS=''
CC='gcc'
CFLAGS=' -O2 $(THREADSCFLAGS) '
COMPILE_LINK_ENVVAR=''
CPP='gcc -E'
CPPFLAGS='-O3 -fno-short-wchar -DU_USING_ICU_NAMESPACE=1 -fno-short-enums -DU_HAVE_NL_LANGINFO_CODESET=0 -D__STDC_INT64__ -DU_TIMEZONE=0 -DUCONFIG_NO_LEGACY_CONVERSION=1 -DUCONFIG_NO_BREAK_ITERATION=1 -DUCONFIG_NO_COLLATION=1 -DUCONFIG_NO_FORMATTING=1 -DUCONFIG_NO_TRANSLITERATION=0 -DUCONFIG_NO_REGULAR_EXPRESSIONS=1 -ffunction-sections -fdata-sections $(THREADSCPPFLAGS)  -DU_HAVE_ELF_H=1 -DU_ENABLE_DYLOAD=0 -DU_HAVE_STRTOD_L=1 -DU_HAVE_XLOCALE_H=0 '
CXX='g++'
CXXFLAGS=' -O2 -std=c++11 $(THREADSCXXFLAGS) '
DATA_PACKAGING_MODE='static'
DEFS='-DPACKAGE_NAME=\"ICU\" -DPACKAGE_TARNAME=\"International\ Components\ for\ Unicode\" -DPACKAGE_VERSION=\"65.1\" -DPACKAGE_STRING=\"ICU\ 65.1\" -DPACKAGE_BUGREPORT=\"http://icu-project.org/bugs\" -DPACKAGE_URL=\"http://icu-project.org\" -DSTDC_HEADERS=1 -DHAVE_SYS_TYPES_H=1 -DHAVE_SYS_STAT_H=1 -DHAVE_STDLIB_H=1 -DHAVE_STRING_H=1 -DHAVE_MEMORY_H=1 -DHAVE_STRINGS_H=1 -DHAVE_INTTYPES_H=1 -DHAVE_STDINT_H=1 -DHAVE_UNISTD_H=1 -DSIZEOF_VOID_P=8 -DHAVE_LIBM=1 -DHAVE_ELF_H=1 -DHAVE_GETTIMEOFDAY=1 -DHAVE_LIBPTHREAD=1 -DHAVE_INTTYPES_H=1 -DHAVE_DIRENT_H=1 -DHAVE_WCHAR_H=1 -DSIZEOF_WCHAR_T=4'
DOXYGEN=''
ECHO_C=''
ECHO_N='-n'
ECHO_T=''
EGREP='/bin/grep -E'
ENABLE_DEBUG='0'
ENABLE_RELEASE='1'
ENABLE_RPATH='NO'
ENABLE_SHARED=''
ENABLE_STATIC='YES'
EXEEXT=''
EXTRAS_TRUE='#'
FUZZER_TRUE='#'
GENCCODE_ASSEMBLY='-a gcc'
GREP='/bin/grep'
HAVE_MMAP='1'
ICUDATA_CHAR='l'
ICUIO_TRUE=''
ICULEHB_CFLAGS=''
ICULEHB_LIBS=''
ICULIBSUFFIX=''
ICULIBSUFFIXCNAME=''
ICU_ECHO_C=''
ICU_ECHO_N='-n'
ICU_ECHO_T=''
INSTALL_DATA='${INSTALL} -m 644'
INSTALL_ICU_CONFIG='true'
INSTALL_PROGRAM='${INSTALL}'
INSTALL_SCRIPT='${INSTALL}'
LAYOUTEX_TRUE='#'
LDFLAGS=' -Wl,--gc-sections'
LIBCFLAGS=''
LIBCXXFLAGS=''
LIBOBJS=''
LIBS='-lpthread -lm '
LIB_M=''
LIB_THREAD=''
LIB_VERSION='65.1'
LIB_VERSION_MAJOR='65'
LTLIBOBJS=''
OBJEXT='o'
PACKAGE='icu'
PACKAGE_BUGREPORT='http://icu-project.org/bugs'
PACKAGE_NAME='ICU'
PACKAGE_STRING='ICU 65.1'
PACKAGE_TARNAME='International Components for Unicode'
PACKAGE_URL='http://icu-project.org'
PACKAGE_VERSION='65.1'
PATH_SEPARATOR=':'
PKG_CONFIG='/usr/bin/pkg-config'
PKG_CONFIG_LIBDIR=''
PKG_CONFIG_PATH=''
PLUGINS_TRUE='#'
PYTHON='python3'
RANLIB='ranlib'
SAMPLES_TRUE='#'
SED='/bin/sed'
SHELL='/bin/bash'
TESTS_TRUE='#'
TOOLS_TRUE=''
UCLN_NO_AUTO_CLEANUP='1'
UCONFIG_CFLAGS=''
UCONFIG_CPPFLAGS=''
UCONFIG_CXXFLAGS=' -std=c++11'
UNICODE_VERSION='12.1'
U_DEFAULT_SHOW_DRAFT='1'
U_DISABLE_RENAMING='0'
U_ENABLE_DYLOAD='0'
U_ENABLE_TRACING='0'
U_HAVE_DIRENT_H='1'
U_HAVE_EXTRAS='0'
U_HAVE_FUZZER='0'
U_HAVE_ICUIO='1'
U_HAVE_INTTYPES_H='1'
U_HAVE_LAYOUTEX='0'
U_HAVE_LIB_SUFFIX='0'
U_HAVE_NL_LANGINFO_CODESET='1'
U_HAVE_PLACEMENT_NEW='1'
U_HAVE_PLUGINS='0'
U_HAVE_POPEN='1'
U_HAVE_SAMPLES='0'
U_HAVE_STRTOD_L='1'
U_HAVE_TESTS='0'
U_HAVE_TIMEZONE='1'
U_HAVE_TOOLS='1'
U_HAVE_TZNAME='1'
U_HAVE_TZSET='1'
U_HAVE_WCHAR_H='1'
U_HAVE_WCSCPY='1'
U_IS_BIG_ENDIAN='0'
U_MAKE='make'
U_NL_LANGINFO_CODESET='CODESET'
U_OVERRIDE_CXX_ALLOCATION='1'
U_TIMEZONE='timezone'
U_TZNAME='tzname'
U_TZSET='tzset'
VERSION='65.1'
ac_ct_CC='gcc'
ac_ct_CXX='g++'
bindir='${exec_prefix}/bin'
build='x86_64-pc-linux-gnu'
build_alias=''
build_cpu='x86_64'
build_os='linux-gnu'
build_vendor='pc'
cross_buildroot=''
cross_compiling='no'
datadir='${datarootdir}'
datarootdir='${prefix}/share'
docdir='${datarootdir}/doc/${PACKAGE_TARNAME}'
dvidir='${docdir}'
exec_prefix='${prefix}'
host='x86_64-pc-linux-gnu'
host_alias=''
host_cpu='x86_64'
host_os='linux-gnu'
host_vendor='pc'
htmldir='${docdir}'
includedir='${prefix}/include'
infodir='${datarootdir}/info'
libdir='${exec_prefix}/lib'
libexecdir='${exec_prefix}/libexec'
localedir='${datarootdir}/locale'
localstatedir='${prefix}/var'
mandir='${datarootdir}/man'
oldincludedir='/usr/include'
pdfdir='${docdir}'
pkgicudatadir='${datarootdir}'
platform='U_LINUX'
platform_make_fragment='$(top_srcdir)/config/mh-linux'
platform_make_fragment_name='mh-linux'
prefix='/usr/local'
program_transform_name='s,x,x,'
psdir='${docdir}'
sbindir='${exec_prefix}/sbin'
sharedstatedir='${prefix}/com'
sysconfdir='${prefix}/etc'
target_alias=''
thepkgicudatadir='${prefix}/share'

## ----------- ##
## confdefs.h. ##
## ----------- ##

/* confdefs.h */
#define PACKAGE_NAME "ICU"
#define PACKAGE_TARNAME "International Components for Unicode"
#define PACKAGE_VERSION "65.1"
#define PACKAGE_STRING "ICU 65.1"
#define PACKAGE_BUGREPORT "http://icu-project.org/bugs"
#define PACKAGE_URL "http://icu-project.org"
#define STDC_HEADERS 1
#define HAVE_SYS_TYPES_H 1
#define HAVE_SYS_STAT_H 1
#define HAVE_STDLIB_H 1
#define HAVE_STRING_H 1
#define HAVE_MEMORY_H 1
#define HAVE_STRINGS_H 1
#define HAVE_INTTYPES_H 1
#define HAVE_STDINT_H 1
#define HAVE_UNISTD_H 1
#define SIZEOF_VOID_P 8
#define HAVE_LIBM 1
#define HAVE_ELF_H 1
#define HAVE_GETTIMEOFDAY 1
#define HAVE_LIBPTHREAD 1
#define HAVE_INTTYPES_H 1
#define HAVE_DIRENT_H 1
#define HAVE_WCHAR_H 1
#define SIZEOF_WCHAR_T 4

configure: exit 0

## ---------------------- ##
## Running config.status. ##
## ---------------------- ##

This file was extended by ICU config.status 65.1, which was
generated by GNU Autoconf 2.69.  Invocation command line was

  CONFIG_FILES    = common/Makefile
  CONFIG_HEADERS  = 
  CONFIG_LINKS    = 
  CONFIG_COMMANDS = 
  $ ./config.status 

on c15a0ca5a632

config.status:891: creating common/Makefile

## ---------------------- ##
## Running config.status. ##
## ---------------------- ##

This file was extended by ICU config.status 65.1, which was
generated by GNU Autoconf 2.69.  Invocation command line was

  CONFIG_FILES    = tools/makeconv/makeconv.1
  CONFIG_HEADERS  = 
  CONFIG_LINKS    = 
  CONFIG_COMMANDS = 
  $ ./config.status 

on c15a0ca5a632

config.status:891: creating tools/makeconv/makeconv.1

## ---------------------- ##
## Running config.status. ##
## ---------------------- ##

This file was extended by ICU config.status 65.1, which was
generated by GNU Autoconf 2.69.  Invocation command line was

  CONFIG_FILES    = tools/genrb/derb.1
  CONFIG_HEADERS  = 
  CONFIG_LINKS    = 
  CONFIG_COMMANDS = 
  $ ./config.status 

on c15a0ca5a632

config.status:891: creating tools/genrb/derb.1

## ---------------------- ##
## Running config.status. ##
## ---------------------- ##

This file was extended by ICU config.status 65.1, which was
generated by GNU Autoconf 2.69.  Invocation command line was

  CONFIG_FILES    = tools/genrb/genrb.1
  CONFIG_HEADERS  = 
  CONFIG_LINKS    = 
  CONFIG_COMMANDS = 
  $ ./config.status 

on c15a0ca5a632

config.status:891: creating tools/genrb/genrb.1

## ---------------------- ##
## Running config.status. ##
## ---------------------- ##

This file was extended by ICU config.status 65.1, which was
generated by GNU Autoconf 2.69.  Invocation command line was

  CONFIG_FILES    = tools/genbrk/genbrk.1
  CONFIG_HEADERS  = 
  CONFIG_LINKS    = 
  CONFIG_COMMANDS = 
  $ ./config.status 

on c15a0ca5a632

config.status:891: creating tools/genbrk/genbrk.1

## ---------------------- ##
## Running config.status. ##
## ---------------------- ##

This file was extended by ICU config.status 65.1, which was
generated by GNU Autoconf 2.69.  Invocation command line was

  CONFIG_FILES    = tools/gencnval/gencnval.1
  CONFIG_HEADERS  = 
  CONFIG_LINKS    = 
  CONFIG_COMMANDS = 
  $ ./config.status 

on c15a0ca5a632

config.status:891: creating tools/gencnval/gencnval.1

## ---------------------- ##
## Running config.status. ##
## ---------------------- ##

This file was extended by ICU config.status 65.1, which was
generated by GNU Autoconf 2.69.  Invocation command line was

  CONFIG_FILES    = tools/gensprep/gensprep.8
  CONFIG_HEADERS  = 
  CONFIG_LINKS    = 
  CONFIG_COMMANDS = 
  $ ./config.status 

on c15a0ca5a632

config.status:891: creating tools/gensprep/gensprep.8

## ---------------------- ##
## Running config.status. ##
## ---------------------- ##

This file was extended by ICU config.status 65.1, which was
generated by GNU Autoconf 2.69.  Invocation command line was

  CONFIG_FILES    = tools/genccode/genccode.8
  CONFIG_HEADERS  = 
  CONFIG_LINKS    = 
  CONFIG_COMMANDS = 
  $ ./config.status 

on c15a0ca5a632

config.status:891: creating tools/genccode/genccode.8

## ---------------------- ##
## Running config.status. ##
## ---------------------- ##

This file was extended by ICU config.status 65.1, which was
generated by GNU Autoconf 2.69.  Invocation command line was

  CONFIG_FILES    = tools/gencmn/gencmn.8
  CONFIG_HEADERS  = 
  CONFIG_LINKS    = 
  CONFIG_COMMANDS = 
  $ ./config.status 

on c15a0ca5a632

config.status:891: creating tools/gencmn/gencmn.8

## ---------------------- ##
## Running config.status. ##
## ---------------------- ##

This file was extended by ICU config.status 65.1, which was
generated by GNU Autoconf 2.69.  Invocation command line was

  CONFIG_FILES    = tools/icupkg/icupkg.8
  CONFIG_HEADERS  = 
  CONFIG_LINKS    = 
  CONFIG_COMMANDS = 
  $ ./config.status 

on c15a0ca5a632

config.status:891: creating tools/icupkg/icupkg.8

## ---------------------- ##
## Running config.status. ##
## ---------------------- ##

This file was extended by ICU config.status 65.1, which was
generated by GNU Autoconf 2.69.  Invocation command line was

  CONFIG_FILES    = tools/pkgdata/pkgdata.1
  CONFIG_HEADERS  = 
  CONFIG_LINKS    = 
  CONFIG_COMMANDS = 
  $ ./config.status 

on c15a0ca5a632

config.status:891: creating tools/pkgdata/pkgdata.1

## ---------------------- ##
## Running config.status. ##
## ---------------------- ##

This file was extended by ICU config.status 65.1, which was
generated by GNU Autoconf 2.69.  Invocation command line was

  CONFIG_FILES    = tools/gencfu/gencfu.1
  CONFIG_HEADERS  = 
  CONFIG_LINKS    = 
  CONFIG_COMMANDS = 
  $ ./config.status 

on c15a0ca5a632

config.status:891: creating tools/gencfu/gencfu.1

## ---------------------- ##
## Running config.status. ##
## ---------------------- ##

This file was extended by ICU config.status 65.1, which was
generated by GNU Autoconf 2.69.  Invocation command line was

  CONFIG_FILES    = tools/gendict/gendict.1
  CONFIG_HEADERS  = 
  CONFIG_LINKS    = 
  CONFIG_COMMANDS = 
  $ ./config.status 

on c15a0ca5a632

config.status:891: creating tools/gendict/gendict.1

## ---------------------- ##
## Running config.status. ##
## ---------------------- ##

This file was extended by ICU config.status 65.1, which was
generated by GNU Autoconf 2.69.  Invocation command line was

  CONFIG_FILES    = ./config/icu-config.1
  CONFIG_HEADERS  = 
  CONFIG_LINKS    = 
  CONFIG_COMMANDS = 
  $ ./config.status 

on c15a0ca5a632

config.status:891: creating ./config/icu-config.1
